#
# There is insufficient memory for the Java Runtime Environment to continue.
# Native memory allocation (malloc) failed to allocate 32744 bytes for ChunkPool::allocate
# Possible reasons:
#   The system is out of physical RAM or swap space
#   The process is running with CompressedOops enabled, and the Java Heap may be blocking the growth of the native heap
# Possible solutions:
#   Reduce memory load on the system
#   Increase physical memory or swap space
#   Check if swap backing store is full
#   Decrease Java heap size (-Xmx/-Xms)
#   Decrease number of Java threads
#   Decrease Java thread stack sizes (-Xss)
#   Set larger code cache with -XX:ReservedCodeCacheSize=
#   JVM is running with Unscaled Compressed Oops mode in which the Java heap is
#     placed in the first 4GB address space. The Java Heap base address is the
#     maximum limit for the native heap growth. Please use -XX:HeapBaseMinAddress
#     to set the Java Heap base and to place the Java Heap above 4GB virtual address.
# This output file may be truncated or incomplete.
#
#  Out of Memory Error (allocation.cpp:272), pid=1892, tid=0x0000000000000eec
#
# JRE version: OpenJDK Runtime Environment (8.0_212-b04) (build 1.8.0_212-release-1586-b04)
# Java VM: OpenJDK 64-Bit Server VM (25.212-b04 mixed mode windows-amd64 compressed oops)
# Failed to write core dump. Minidumps are not enabled by default on client versions of Windows
#

---------------  T H R E A D  ---------------

Current thread (0x0000000017e32000):  JavaThread "C2 CompilerThread1" daemon [_thread_in_native, id=3820, stack(0x00000000181f0000,0x00000000182f0000)]

Stack: [0x00000000181f0000,0x00000000182f0000]
[error occurred during error reporting (printing stack bounds), id 0xc0000005]

Native frames: (J=compiled Java code, j=interpreted, Vv=VM code, C=native code)


Current CompileTask:
C2: 126631 9943 %     4       com.android.tools.r8.B.a.a.f::a @ 3355 (3659 bytes)


---------------  P R O C E S S  ---------------

Java Threads: ( => current thread )
  0x0000000018e76000 JavaThread "Cache worker for Java compile cache (C:\Users\HP\Desktop\Fina-Project\.gradle\5.6.4\javaCompile)" [_thread_blocked, id=11356, stack(0x0000000025ed0000,0x0000000025fd0000)]
  0x0000000018e70800 JavaThread "Cache worker for Java compile cache (C:\Users\HP\.gradle\caches\5.6.4\javaCompile)" [_thread_blocked, id=5152, stack(0x0000000025dd0000,0x0000000025ed0000)]
  0x0000000018e75000 JavaThread "WorkerExecutor Queue" [_thread_blocked, id=2416, stack(0x0000000025cd0000,0x0000000025dd0000)]
  0x0000000018e77800 JavaThread "RMI TCP Connection(2)-127.0.0.1" daemon [_thread_in_native, id=10360, stack(0x00000000259d0000,0x0000000025ad0000)]
  0x0000000018e72000 JavaThread "RMI Reaper" [_thread_blocked, id=13048, stack(0x00000000258d0000,0x00000000259d0000)]
  0x000000001a28a800 JavaThread "RMI TCP Accept-0" daemon [_thread_in_native, id=15428, stack(0x00000000257d0000,0x00000000258d0000)]
  0x000000001f38d800 JavaThread "GC Daemon" daemon [_thread_blocked, id=1528, stack(0x00000000256d0000,0x00000000257d0000)]
  0x000000001f38c000 JavaThread "RMI Scheduler(0)" daemon [_thread_blocked, id=12584, stack(0x00000000254d0000,0x00000000255d0000)]
  0x000000001f388000 JavaThread "Cache worker for execution history cache (C:\Users\HP\Desktop\Fina-Project\.gradle\5.6.4\executionHistory)" [_thread_blocked, id=9924, stack(0x0000000024dd0000,0x0000000024ed0000)]
  0x000000001f38a800 JavaThread "Execution worker for ':' Thread 3" [_thread_in_Java, id=2300, stack(0x0000000024cd0000,0x0000000024dd0000)]
  0x000000001f383000 JavaThread "Execution worker for ':' Thread 2" [_thread_in_native, id=6504, stack(0x0000000024bd0000,0x0000000024cd0000)]
  0x000000001f389800 JavaThread "Execution worker for ':'" [_thread_in_Java, id=15036, stack(0x0000000024ad0000,0x0000000024bd0000)]
  0x000000001f380800 JavaThread "Cache worker for file content cache (C:\Users\HP\Desktop\Fina-Project\.gradle\5.6.4\fileContent)" [_thread_blocked, id=7620, stack(0x00000000223a0000,0x00000000224a0000)]
  0x000000001f387800 JavaThread "Cache worker for file content cache (C:\Users\HP\.gradle\caches\5.6.4\fileContent)" [_thread_blocked, id=16344, stack(0x00000000222a0000,0x00000000223a0000)]
  0x000000001f382000 JavaThread "Memory manager" [_thread_blocked, id=16112, stack(0x000000001be10000,0x000000001bf10000)]
  0x000000001f383800 JavaThread "Cache worker for Build Output Cleanup Cache (C:\Users\HP\Desktop\Fina-Project\.gradle\buildOutputCleanup)" [_thread_blocked, id=12332, stack(0x00000000215a0000,0x00000000216a0000)]
  0x000000001f380000 JavaThread "pool-1-thread-1" [_thread_blocked, id=3244, stack(0x0000000000f40000,0x0000000001040000)]
  0x000000001f386800 JavaThread "Build operations Thread 4" [_thread_blocked, id=5984, stack(0x0000000020ee0000,0x0000000020fe0000)]
  0x000000001f37f000 JavaThread "Build operations Thread 3" [_thread_blocked, id=15224, stack(0x0000000020de0000,0x0000000020ee0000)]
  0x000000001f385000 JavaThread "Build operations Thread 2" [_thread_blocked, id=12976, stack(0x0000000020ba0000,0x0000000020ca0000)]
  0x000000001f386000 JavaThread "Build operations" [_thread_blocked, id=13024, stack(0x0000000020aa0000,0x0000000020ba0000)]
  0x000000001f381800 JavaThread "Cache worker for execution history cache (C:\Users\HP\.gradle\caches\5.6.4\executionHistory)" [_thread_blocked, id=11348, stack(0x0000000020ce0000,0x0000000020de0000)]
  0x000000001f37e800 JavaThread "Cache worker for cache directory md-rule (C:\Users\HP\.gradle\caches\5.6.4\md-rule)" [_thread_blocked, id=10000, stack(0x00000000210a0000,0x00000000211a0000)]
  0x000000001a28d000 JavaThread "Cache worker for cache directory md-supplier (C:\Users\HP\.gradle\caches\5.6.4\md-supplier)" [_thread_blocked, id=16224, stack(0x0000000020530000,0x0000000020630000)]
  0x000000001a28f800 JavaThread "Cache worker for file hash cache (C:\Users\HP\Desktop\Fina-Project\.gradle\5.6.4\fileHashes)" [_thread_blocked, id=1848, stack(0x000000001e5b0000,0x000000001e6b0000)]
  0x000000001a28d800 JavaThread "Cache worker for journal cache (C:\Users\HP\.gradle\caches\journal-1)" [_thread_blocked, id=12252, stack(0x000000001c410000,0x000000001c510000)]
  0x000000001a290000 JavaThread "File lock request listener" [_thread_in_native, id=9108, stack(0x000000001c310000,0x000000001c410000)]
  0x000000001a28e800 JavaThread "Cache worker for file hash cache (C:\Users\HP\.gradle\caches\5.6.4\fileHashes)" [_thread_blocked, id=15864, stack(0x000000001c210000,0x000000001c310000)]
  0x000000001a06a800 JavaThread "Thread-9" [_thread_blocked, id=6404, stack(0x000000001bf10000,0x000000001c010000)]
  0x000000001a057800 JavaThread "Asynchronous log dispatcher for DefaultDaemonConnection: socket connection from /127.0.0.1:52169 to /127.0.0.1:52170" [_thread_blocked, id=10500, stack(0x000000001bd10000,0x000000001be10000)]
  0x0000000019fe4000 JavaThread "Daemon worker" [_thread_blocked, id=11916, stack(0x000000001bc10000,0x000000001bd10000)]
  0x0000000019fe3000 JavaThread "Cancel handler" [_thread_blocked, id=3540, stack(0x000000001bb10000,0x000000001bc10000)]
  0x0000000019fdd000 JavaThread "Handler for socket connection from /127.0.0.1:52169 to /127.0.0.1:52170" [_thread_in_native, id=11620, stack(0x000000001b810000,0x000000001b910000)]
  0x0000000019fdc800 JavaThread "Daemon" [_thread_blocked, id=15944, stack(0x000000001b710000,0x000000001b810000)]
  0x0000000019fcb800 JavaThread "Daemon periodic checks" [_thread_blocked, id=4832, stack(0x000000001b610000,0x000000001b710000)]
  0x0000000018dd7800 JavaThread "Incoming local TCP Connector on port 52169" [_thread_in_native, id=7804, stack(0x000000001b3d0000,0x000000001b4d0000)]
  0x0000000019f1a800 JavaThread "Daemon health stats" [_thread_blocked, id=3044, stack(0x000000001ad90000,0x000000001ae90000)]
  0x0000000017e59800 JavaThread "Service Thread" daemon [_thread_blocked, id=15824, stack(0x00000000183f0000,0x00000000184f0000)]
  0x0000000017e3c800 JavaThread "C1 CompilerThread2" daemon [_thread_blocked, id=15596, stack(0x00000000182f0000,0x00000000183f0000)]
=>0x0000000017e32000 JavaThread "C2 CompilerThread1" daemon [_thread_in_native, id=3820, stack(0x00000000181f0000,0x00000000182f0000)]
  0x0000000016696800 JavaThread "C2 CompilerThread0" daemon [_thread_in_native, id=7904, stack(0x0000000017cf0000,0x0000000017df0000)]
  0x0000000016695000 JavaThread "Attach Listener" daemon [_thread_blocked, id=9556, stack(0x0000000017bf0000,0x0000000017cf0000)]
  0x00000000166e1800 JavaThread "Signal Dispatcher" daemon [_thread_blocked, id=15232, stack(0x0000000017af0000,0x0000000017bf0000)]
  0x0000000002c55000 JavaThread "Finalizer" daemon [_thread_blocked, id=13548, stack(0x00000000178f0000,0x00000000179f0000)]
  0x0000000016679000 JavaThread "Reference Handler" daemon [_thread_blocked, id=9036, stack(0x00000000177f0000,0x00000000178f0000)]
  0x0000000002d1e000 JavaThread "main" [_thread_blocked, id=14668, stack(0x00000000029f0000,0x0000000002af0000)]

Other Threads:
  0x0000000016656000 VMThread [stack: 0x00000000176f0000,0x00000000177f0000] [id=6008]
  0x0000000017e5a800 WatcherThread [stack: 0x00000000184f0000,0x00000000185f0000] [id=12516]

VM state:not at safepoint (normal execution)

VM Mutex/Monitor currently owned by a thread: None

heap address: 0x00000000a0000000, size: 1536 MB, Compressed Oops mode: 32-bit
Narrow klass base: 0x0000000000000000, Narrow klass shift: 3
Compressed class space size: 1073741824 Address: 0x0000000100000000

Heap:
 PSYoungGen      total 159744K, used 32958K [0x00000000e0000000, 0x00000000edb80000, 0x0000000100000000)
  eden space 130560K, 12% used [0x00000000e0000000,0x00000000e0fd4f00,0x00000000e7f80000)
  from space 29184K, 57% used [0x00000000e7f80000,0x00000000e8fdace8,0x00000000e9c00000)
  to   space 33792K, 0% used [0x00000000eba80000,0x00000000eba80000,0x00000000edb80000)
 ParOldGen       total 178688K, used 92496K [0x00000000a0000000, 0x00000000aae80000, 0x00000000e0000000)
  object space 178688K, 51% used [0x00000000a0000000,0x00000000a5a541c8,0x00000000aae80000)
 Metaspace       used 72900K, capacity 75430K, committed 76160K, reserved 1114112K
  class space    used 9931K, capacity 10458K, committed 10624K, reserved 1048576K

Card table byte_map: [0x00000000120e0000,0x00000000123f0000] byte_map_base: 0x0000000011be0000

Marking Bits: (ParMarkBitMap*) 0x0000000063809f30
 Begin Bits: [0x00000000129f0000, 0x00000000141f0000)
 End Bits:   [0x00000000141f0000, 0x00000000159f0000)

Polling page: 0x0000000002af0000

CodeCache: size=245760Kb used=28449Kb max_used=28538Kb free=217310Kb
 bounds [0x0000000002d20000, 0x0000000004920000, 0x0000000011d20000]
 total_blobs=9438 nmethods=8582 adapters=768
 compilation: enabled

Compilation events (10 events):
Event: 126.405 Thread 0x0000000017e3c800 9981       1       org.gradle.cache.internal.DefaultFileLockManager$DefaultFileLock::access$300 (5 bytes)
Event: 126.405 Thread 0x0000000017e3c800 nmethod 9981 0x000000000325dad0 code [0x000000000325dc20, 0x000000000325dd10]
Event: 126.407 Thread 0x0000000017e3c800 9983       1       org.gradle.launcher.daemon.server.expiry.DaemonExpirationResult::getStatus (5 bytes)
Event: 126.408 Thread 0x0000000017e3c800 nmethod 9983 0x000000000378ee90 code [0x000000000378efe0, 0x000000000378f0f0]
Event: 126.420 Thread 0x0000000017e3c800 9984       2       java.net.InetAddress::getByAddress (6 bytes)
Event: 126.421 Thread 0x0000000017e3c800 nmethod 9984 0x000000000420f0d0 code [0x000000000420f240, 0x000000000420f3a8]
Event: 126.421 Thread 0x0000000017e3c800 9985       2       org.gradle.internal.serialize.InputStreamBackedDecoder::readBytes (11 bytes)
Event: 126.421 Thread 0x0000000017e3c800 nmethod 9985 0x00000000037e9790 code [0x00000000037e9900, 0x00000000037e9a68]
Event: 126.421 Thread 0x0000000017e3c800 9986       2       org.gradle.internal.serialize.InputStreamBackedDecoder::readByte (13 bytes)
Event: 126.421 Thread 0x0000000017e3c800 nmethod 9986 0x00000000040c18d0 code [0x00000000040c1a40, 0x00000000040c1c78]

GC Heap History (10 events):
Event: 92.354 GC heap before
{Heap before GC invocations=23 (full 3):
 PSYoungGen      total 131072K, used 131048K [0x00000000e0000000, 0x00000000e9f00000, 0x0000000100000000)
  eden space 116736K, 100% used [0x00000000e0000000,0x00000000e7200000,0x00000000e7200000)
  from space 14336K, 99% used [0x00000000e7200000,0x00000000e7ffa0e8,0x00000000e8000000)
  to   space 16384K, 0% used [0x00000000e8f00000,0x00000000e8f00000,0x00000000e9f00000)
 ParOldGen       total 92672K, used 36185K [0x00000000a0000000, 0x00000000a5a80000, 0x00000000e0000000)
  object space 92672K, 39% used [0x00000000a0000000,0x00000000a23564a8,0x00000000a5a80000)
 Metaspace       used 62241K, capacity 64548K, committed 64896K, reserved 1105920K
  class space    used 8507K, capacity 9000K, committed 9088K, reserved 1048576K
Event: 92.400 GC heap after
Heap after GC invocations=23 (full 3):
 PSYoungGen      total 142848K, used 16369K [0x00000000e0000000, 0x00000000ea480000, 0x0000000100000000)
  eden space 126464K, 0% used [0x00000000e0000000,0x00000000e0000000,0x00000000e7b80000)
  from space 16384K, 99% used [0x00000000e8f00000,0x00000000e9efc4c0,0x00000000e9f00000)
  to   space 19968K, 0% used [0x00000000e7b80000,0x00000000e7b80000,0x00000000e8f00000)
 ParOldGen       total 92672K, used 38659K [0x00000000a0000000, 0x00000000a5a80000, 0x00000000e0000000)
  object space 92672K, 41% used [0x00000000a0000000,0x00000000a25c0c20,0x00000000a5a80000)
 Metaspace       used 62241K, capacity 64548K, committed 64896K, reserved 1105920K
  class space    used 8507K, capacity 9000K, committed 9088K, reserved 1048576K
}
Event: 117.629 GC heap before
{Heap before GC invocations=24 (full 3):
 PSYoungGen      total 142848K, used 142833K [0x00000000e0000000, 0x00000000ea480000, 0x0000000100000000)
  eden space 126464K, 100% used [0x00000000e0000000,0x00000000e7b80000,0x00000000e7b80000)
  from space 16384K, 99% used [0x00000000e8f00000,0x00000000e9efc4c0,0x00000000e9f00000)
  to   space 19968K, 0% used [0x00000000e7b80000,0x00000000e7b80000,0x00000000e8f00000)
 ParOldGen       total 92672K, used 38659K [0x00000000a0000000, 0x00000000a5a80000, 0x00000000e0000000)
  object space 92672K, 41% used [0x00000000a0000000,0x00000000a25c0c20,0x00000000a5a80000)
 Metaspace       used 69348K, capacity 71920K, committed 72064K, reserved 1112064K
  class space    used 9487K, capacity 10021K, committed 10112K, reserved 1048576K
Event: 117.961 GC heap after
Heap after GC invocations=24 (full 3):
 PSYoungGen      total 146432K, used 13527K [0x00000000e0000000, 0x00000000eb000000, 0x0000000100000000)
  eden space 126464K, 0% used [0x00000000e0000000,0x00000000e0000000,0x00000000e7b80000)
  from space 19968K, 67% used [0x00000000e7b80000,0x00000000e88b5c38,0x00000000e8f00000)
  to   space 20480K, 0% used [0x00000000e9c00000,0x00000000e9c00000,0x00000000eb000000)
 ParOldGen       total 92672K, used 53946K [0x00000000a0000000, 0x00000000a5a80000, 0x00000000e0000000)
  object space 92672K, 58% used [0x00000000a0000000,0x00000000a34aea70,0x00000000a5a80000)
 Metaspace       used 69348K, capacity 71920K, committed 72064K, reserved 1112064K
  class space    used 9487K, capacity 10021K, committed 10112K, reserved 1048576K
}
Event: 119.930 GC heap before
{Heap before GC invocations=25 (full 3):
 PSYoungGen      total 146432K, used 139991K [0x00000000e0000000, 0x00000000eb000000, 0x0000000100000000)
  eden space 126464K, 100% used [0x00000000e0000000,0x00000000e7b80000,0x00000000e7b80000)
  from space 19968K, 67% used [0x00000000e7b80000,0x00000000e88b5c38,0x00000000e8f00000)
  to   space 20480K, 0% used [0x00000000e9c00000,0x00000000e9c00000,0x00000000eb000000)
 ParOldGen       total 92672K, used 53946K [0x00000000a0000000, 0x00000000a5a80000, 0x00000000e0000000)
  object space 92672K, 58% used [0x00000000a0000000,0x00000000a34aea70,0x00000000a5a80000)
 Metaspace       used 71523K, capacity 74280K, committed 74496K, reserved 1114112K
  class space    used 9809K, capacity 10385K, committed 10496K, reserved 1048576K
Event: 119.986 GC heap after
Heap after GC invocations=25 (full 3):
 PSYoungGen      total 151040K, used 20460K [0x00000000e0000000, 0x00000000ec380000, 0x0000000100000000)
  eden space 130560K, 0% used [0x00000000e0000000,0x00000000e0000000,0x00000000e7f80000)
  from space 20480K, 99% used [0x00000000e9c00000,0x00000000eaffb0f8,0x00000000eb000000)
  to   space 29184K, 0% used [0x00000000e7f80000,0x00000000e7f80000,0x00000000e9c00000)
 ParOldGen       total 92672K, used 69754K [0x00000000a0000000, 0x00000000a5a80000, 0x00000000e0000000)
  object space 92672K, 75% used [0x00000000a0000000,0x00000000a441e8f0,0x00000000a5a80000)
 Metaspace       used 71523K, capacity 74280K, committed 74496K, reserved 1114112K
  class space    used 9809K, capacity 10385K, committed 10496K, reserved 1048576K
}
Event: 121.441 GC heap before
{Heap before GC invocations=26 (full 3):
 PSYoungGen      total 151040K, used 151020K [0x00000000e0000000, 0x00000000ec380000, 0x0000000100000000)
  eden space 130560K, 100% used [0x00000000e0000000,0x00000000e7f80000,0x00000000e7f80000)
  from space 20480K, 99% used [0x00000000e9c00000,0x00000000eaffb0f8,0x00000000eb000000)
  to   space 29184K, 0% used [0x00000000e7f80000,0x00000000e7f80000,0x00000000e9c00000)
 ParOldGen       total 92672K, used 69754K [0x00000000a0000000, 0x00000000a5a80000, 0x00000000e0000000)
  object space 92672K, 75% used [0x00000000a0000000,0x00000000a441e8f0,0x00000000a5a80000)
 Metaspace       used 72804K, capacity 75708K, committed 75904K, reserved 1114112K
  class space    used 9961K, capacity 10545K, committed 10624K, reserved 1048576K
Event: 121.622 GC heap after
Heap after GC invocations=26 (full 3):
 PSYoungGen      total 159744K, used 28416K [0x00000000e0000000, 0x00000000edb80000, 0x0000000100000000)
  eden space 130560K, 0% used [0x00000000e0000000,0x00000000e0000000,0x00000000e7f80000)
  from space 29184K, 97% used [0x00000000e7f80000,0x00000000e9b40360,0x00000000e9c00000)
  to   space 33792K, 0% used [0x00000000eba80000,0x00000000eba80000,0x00000000edb80000)
 ParOldGen       total 92672K, used 89859K [0x00000000a0000000, 0x00000000a5a80000, 0x00000000e0000000)
  object space 92672K, 96% used [0x00000000a0000000,0x00000000a57c0fc0,0x00000000a5a80000)
 Metaspace       used 72804K, capacity 75708K, committed 75904K, reserved 1114112K
  class space    used 9961K, capacity 10545K, committed 10624K, reserved 1048576K
}
Event: 121.622 GC heap before
{Heap before GC invocations=27 (full 4):
 PSYoungGen      total 159744K, used 28416K [0x00000000e0000000, 0x00000000edb80000, 0x0000000100000000)
  eden space 130560K, 0% used [0x00000000e0000000,0x00000000e0000000,0x00000000e7f80000)
  from space 29184K, 97% used [0x00000000e7f80000,0x00000000e9b40360,0x00000000e9c00000)
  to   space 33792K, 0% used [0x00000000eba80000,0x00000000eba80000,0x00000000edb80000)
 ParOldGen       total 92672K, used 89859K [0x00000000a0000000, 0x00000000a5a80000, 0x00000000e0000000)
  object space 92672K, 96% used [0x00000000a0000000,0x00000000a57c0fc0,0x00000000a5a80000)
 Metaspace       used 72804K, capacity 75708K, committed 75904K, reserved 1114112K
  class space    used 9961K, capacity 10545K, committed 10624K, reserved 1048576K
Event: 126.319 GC heap after
Heap after GC invocations=27 (full 4):
 PSYoungGen      total 159744K, used 16747K [0x00000000e0000000, 0x00000000edb80000, 0x0000000100000000)
  eden space 130560K, 0% used [0x00000000e0000000,0x00000000e0000000,0x00000000e7f80000)
  from space 29184K, 57% used [0x00000000e7f80000,0x00000000e8fdace8,0x00000000e9c00000)
  to   space 33792K, 0% used [0x00000000eba80000,0x00000000eba80000,0x00000000edb80000)
 ParOldGen       total 178688K, used 92496K [0x00000000a0000000, 0x00000000aae80000, 0x00000000e0000000)
  object space 178688K, 51% used [0x00000000a0000000,0x00000000a5a541c8,0x00000000aae80000)
 Metaspace       used 72606K, capacity 75142K, committed 75904K, reserved 1114112K
  class space    used 9894K, capacity 10426K, committed 10624K, reserved 1048576K
}

Deoptimization events (10 events):
Event: 120.576 Thread 0x000000001f389800 Uncommon trap: reason=unstable_if action=reinterpret pc=0x000000000320aa6c method=java.util.concurrent.ConcurrentHashMap.transfer([Ljava/util/concurrent/ConcurrentHashMap$Node;[Ljava/util/concurrent/ConcurrentHashMap$Node;)V @ 356
Event: 120.843 Thread 0x000000001f389800 Uncommon trap: reason=unstable_if action=reinterpret pc=0x000000000485b628 method=java.util.concurrent.ConcurrentHashMap.putVal(Ljava/lang/Object;Ljava/lang/Object;Z)Ljava/lang/Object; @ 152
Event: 120.900 Thread 0x000000001f389800 Uncommon trap: reason=unstable_if action=reinterpret pc=0x000000000320fb4c method=java.util.concurrent.ConcurrentHashMap.transfer([Ljava/util/concurrent/ConcurrentHashMap$Node;[Ljava/util/concurrent/ConcurrentHashMap$Node;)V @ 356
Event: 120.929 Thread 0x000000001f389800 Uncommon trap: reason=unstable_if action=reinterpret pc=0x0000000004876d40 method=com.android.tools.r8.B.a.a.f.a(Lcom/android/tools/r8/B/a/a/a;ILjava/lang/String;[C)I @ 1
Event: 121.195 Thread 0x0000000019fe4000 Uncommon trap: reason=unstable_if action=reinterpret pc=0x0000000004856a50 method=com.android.tools.r8.B.a.a.B.a()Ljava/lang/String; @ 34
Event: 121.195 Thread 0x0000000019fe4000 Uncommon trap: reason=unstable_if action=reinterpret pc=0x00000000048997b4 method=com.android.tools.r8.B.a.a.B.a()Ljava/lang/String; @ 34
Event: 121.244 Thread 0x000000001f389800 Uncommon trap: reason=unstable_if action=reinterpret pc=0x000000000482721c method=com.android.tools.r8.B.a.a.f.a(II[C)Ljava/lang/String; @ 59
Event: 121.244 Thread 0x000000001f389800 Uncommon trap: reason=unstable_if action=reinterpret pc=0x00000000047c38d8 method=com.android.tools.r8.graph.d0.a(C)I @ 16
Event: 121.244 Thread 0x000000001f389800 Uncommon trap: reason=unstable_if action=reinterpret pc=0x00000000047c17d4 method=com.android.tools.r8.graph.d0.a(C[BI)I @ 27
Event: 121.259 Thread 0x000000001f389800 Uncommon trap: reason=unstable_if action=reinterpret pc=0x00000000047dc08c method=com.android.tools.r8.B.a.a.f.a(II[C)Ljava/lang/String; @ 59

Classes redefined (0 events):
No events

Internal exceptions (10 events):
Event: 98.322 Thread 0x000000001f38a800 Exception <a 'java/lang/NoSuchMethodError': <clinit>> (0x00000000e5d734b0) thrown at [D:\src\AOSP-openjdk-cygwin\jdk8u\hotspot\src\share\vm\prims\jni.cpp, line 1614]
Event: 116.547 Thread 0x000000001f38a800 Exception <a 'java/lang/NoSuchMethodError': <clinit>> (0x00000000e65a1460) thrown at [D:\src\AOSP-openjdk-cygwin\jdk8u\hotspot\src\share\vm\prims\jni.cpp, line 1614]
Event: 116.554 Thread 0x000000001f38a800 Exception <a 'java/lang/NoSuchMethodError': <clinit>> (0x00000000e65b3160) thrown at [D:\src\AOSP-openjdk-cygwin\jdk8u\hotspot\src\share\vm\prims\jni.cpp, line 1614]
Event: 116.582 Thread 0x000000001f38a800 Exception <a 'java/lang/NoSuchMethodError': <clinit>> (0x00000000e65f7e88) thrown at [D:\src\AOSP-openjdk-cygwin\jdk8u\hotspot\src\share\vm\prims\jni.cpp, line 1614]
Event: 119.420 Thread 0x0000000019fe4000 Exception <a 'java/lang/NoSuchMethodError': java.lang.Object.lambda$static$0(Ljava/lang/String;)Z> (0x00000000e3318d10) thrown at [D:\src\AOSP-openjdk-cygwin\jdk8u\hotspot\src\share\vm\interpreter\linkResolver.cpp, line 620]
Event: 119.553 Thread 0x000000001f383000 Exception <a 'sun/nio/fs/WindowsException'> (0x00000000e37edf98) thrown at [D:\src\AOSP-openjdk-cygwin\jdk8u\hotspot\src\share\vm\prims\jni.cpp, line 710]
Event: 119.801 Thread 0x000000001f383000 Exception <a 'java/lang/NoSuchMethodError': java.lang.Object.lambda$identity$2(Ljava/lang/Object;)Ljava/lang/Object;> (0x00000000e6c6d748) thrown at [D:\src\AOSP-openjdk-cygwin\jdk8u\hotspot\src\share\vm\interpreter\linkResolver.cpp, line 620]
Event: 119.810 Thread 0x000000001f389800 Exception <a 'sun/nio/fs/WindowsException'> (0x00000000e7048b80) thrown at [D:\src\AOSP-openjdk-cygwin\jdk8u\hotspot\src\share\vm\prims\jni.cpp, line 710]
Event: 119.860 Thread 0x0000000019fe4000 Exception <a 'sun/nio/fs/WindowsException'> (0x00000000e7712230) thrown at [D:\src\AOSP-openjdk-cygwin\jdk8u\hotspot\src\share\vm\prims\jni.cpp, line 710]
Event: 119.864 Thread 0x000000001f38a800 Exception <a 'sun/nio/fs/WindowsException'> (0x00000000e78993c0) thrown at [D:\src\AOSP-openjdk-cygwin\jdk8u\hotspot\src\share\vm\prims\jni.cpp, line 710]

Events (10 events):
Event: 126.552 loading class com/android/tools/r8/u/b/g1
Event: 126.552 loading class com/android/tools/r8/u/b/g1 done
Event: 126.560 loading class com/android/tools/r8/u/b/M0
Event: 126.560 loading class com/android/tools/r8/u/b/M0 done
Event: 126.566 loading class com/android/tools/r8/u/b/A0
Event: 126.566 loading class com/android/tools/r8/u/b/A0 done
Event: 126.567 loading class com/android/tools/r8/u/b/D
Event: 126.567 loading class com/android/tools/r8/u/b/D done
Event: 126.577 loading class com/android/tools/r8/u/b/e0
Event: 126.577 loading class com/android/tools/r8/u/b/e0 done


Dynamic libraries:
0x00007ff794560000 - 0x00007ff794591000 	C:\Program Files\Android\Android Studio\jre\bin\java.exe
0x00007ff8df1d0000 - 0x00007ff8df3c5000 	C:\WINDOWS\SYSTEM32\ntdll.dll
0x00007ff8dde70000 - 0x00007ff8ddf2d000 	C:\WINDOWS\System32\KERNEL32.DLL
0x00007ff8dcab0000 - 0x00007ff8dcd78000 	C:\WINDOWS\System32\KERNELBASE.dll
0x00007ff8dd940000 - 0x00007ff8dd9ec000 	C:\WINDOWS\System32\ADVAPI32.dll
0x00007ff8de700000 - 0x00007ff8de79e000 	C:\WINDOWS\System32\msvcrt.dll
0x00007ff8dd2f0000 - 0x00007ff8dd38b000 	C:\WINDOWS\System32\sechost.dll
0x00007ff8dec30000 - 0x00007ff8ded5b000 	C:\WINDOWS\System32\RPCRT4.dll
0x00007ff8def10000 - 0x00007ff8df0b0000 	C:\WINDOWS\System32\USER32.dll
0x00007ff8dd040000 - 0x00007ff8dd062000 	C:\WINDOWS\System32\win32u.dll
0x00007ff8dd2c0000 - 0x00007ff8dd2ea000 	C:\WINDOWS\System32\GDI32.dll
0x00007ff8dcf30000 - 0x00007ff8dd03b000 	C:\WINDOWS\System32\gdi32full.dll
0x00007ff8dca10000 - 0x00007ff8dcaad000 	C:\WINDOWS\System32\msvcp_win.dll
0x00007ff8dc910000 - 0x00007ff8dca10000 	C:\WINDOWS\System32\ucrtbase.dll
0x00007ff8ca5c0000 - 0x00007ff8ca85a000 	C:\WINDOWS\WinSxS\amd64_microsoft.windows.common-controls_6595b64144ccf1df_6.0.19041.844_none_ca00b6081b84eb1d\COMCTL32.dll
0x00007ff8dd890000 - 0x00007ff8dd8c0000 	C:\WINDOWS\System32\IMM32.DLL
0x0000000062f60000 - 0x0000000063032000 	C:\Program Files\Android\Android Studio\jre\jre\bin\msvcr100.dll
0x0000000063040000 - 0x0000000063886000 	C:\Program Files\Android\Android Studio\jre\jre\bin\server\jvm.dll
0x00007ff8de680000 - 0x00007ff8de688000 	C:\WINDOWS\System32\PSAPI.DLL
0x00007ff8c49a0000 - 0x00007ff8c49a9000 	C:\WINDOWS\SYSTEM32\WSOCK32.dll
0x00007ff8de690000 - 0x00007ff8de6fb000 	C:\WINDOWS\System32\WS2_32.dll
0x00007ff8ca190000 - 0x00007ff8ca1b7000 	C:\WINDOWS\SYSTEM32\WINMM.dll
0x00007ff8d2690000 - 0x00007ff8d269a000 	C:\WINDOWS\SYSTEM32\VERSION.dll
0x00007ff8d9890000 - 0x00007ff8d989f000 	C:\Program Files\Android\Android Studio\jre\jre\bin\verify.dll
0x00007ff8c60b0000 - 0x00007ff8c60d9000 	C:\Program Files\Android\Android Studio\jre\jre\bin\java.dll
0x00007ff8c37c0000 - 0x00007ff8c37d6000 	C:\Program Files\Android\Android Studio\jre\jre\bin\zip.dll
0x00007ff8ddf30000 - 0x00007ff8de672000 	C:\WINDOWS\System32\SHELL32.dll
0x00007ff8da760000 - 0x00007ff8daef0000 	C:\WINDOWS\SYSTEM32\windows.storage.dll
0x00007ff8de7a0000 - 0x00007ff8deaf5000 	C:\WINDOWS\System32\combase.dll
0x00007ff8dc380000 - 0x00007ff8dc3ac000 	C:\WINDOWS\SYSTEM32\Wldp.dll
0x00007ff8dddc0000 - 0x00007ff8dde6e000 	C:\WINDOWS\System32\SHCORE.dll
0x00007ff8ddd60000 - 0x00007ff8dddb5000 	C:\WINDOWS\System32\shlwapi.dll
0x00007ff8dc850000 - 0x00007ff8dc86f000 	C:\WINDOWS\SYSTEM32\profapi.dll
0x00007ff8b92c0000 - 0x00007ff8b92da000 	C:\Program Files\Android\Android Studio\jre\jre\bin\net.dll
0x00007ff8cb600000 - 0x00007ff8cb7ee000 	C:\WINDOWS\SYSTEM32\urlmon.dll
0x00007ff8cbe50000 - 0x00007ff8cc100000 	C:\WINDOWS\SYSTEM32\iertutil.dll
0x00007ff8dc0f0000 - 0x00007ff8dc15a000 	C:\WINDOWS\system32\mswsock.dll
0x00007ff8b8400000 - 0x00007ff8b8413000 	C:\Program Files\Android\Android Studio\jre\jre\bin\nio.dll
0x00007ff8a7720000 - 0x00007ff8a7746000 	C:\Users\HP\.gradle\native\30\windows-amd64\native-platform.dll
0x00007ff8d7950000 - 0x00007ff8d795d000 	C:\Program Files\Android\Android Studio\jre\jre\bin\management.dll
0x00007ff8dc2c0000 - 0x00007ff8dc2d8000 	C:\WINDOWS\SYSTEM32\CRYPTSP.dll
0x00007ff8dba20000 - 0x00007ff8dba54000 	C:\WINDOWS\system32\rsaenh.dll
0x00007ff8dcf00000 - 0x00007ff8dcf27000 	C:\WINDOWS\System32\bcrypt.dll
0x00007ff8dc7d0000 - 0x00007ff8dc7fe000 	C:\WINDOWS\SYSTEM32\USERENV.dll
0x00007ff8dcdd0000 - 0x00007ff8dce50000 	C:\WINDOWS\System32\bcryptprimitives.dll
0x00007ff8dc2e0000 - 0x00007ff8dc2ec000 	C:\WINDOWS\SYSTEM32\CRYPTBASE.dll
0x00007ff8dbd90000 - 0x00007ff8dbdcb000 	C:\WINDOWS\SYSTEM32\IPHLPAPI.DLL
0x00007ff8dec20000 - 0x00007ff8dec28000 	C:\WINDOWS\System32\NSI.dll
0x00007ff8d9d10000 - 0x00007ff8d9d27000 	C:\WINDOWS\SYSTEM32\dhcpcsvc6.DLL
0x00007ff8d9cf0000 - 0x00007ff8d9d0d000 	C:\WINDOWS\SYSTEM32\dhcpcsvc.DLL
0x00007ff8dbde0000 - 0x00007ff8dbeac000 	C:\WINDOWS\SYSTEM32\DNSAPI.dll

VM Arguments:
jvm_args: -Xmx1536m -Dfile.encoding=windows-1256 -Duser.country=SA -Duser.language=ar -Duser.variant 
java_command: org.gradle.launcher.daemon.bootstrap.GradleDaemon 5.6.4
java_class_path (initial): C:\Users\HP\.gradle\wrapper\dists\gradle-5.6.4-all\ankdp27end7byghfw1q2sw75f\gradle-5.6.4\lib\gradle-launcher-5.6.4.jar
Launcher Type: SUN_STANDARD

Environment Variables:
PATH=C:\oraclexe\app\oracle\product\11.2.0\server\bin;C:\WINDOWS\system32;C:\WINDOWS;C:\WINDOWS\System32\Wbem;C:\WINDOWS\System32\WindowsPowerShell\v1.0\;C:\WINDOWS\System32\OpenSSH\;C:\Program Files\Git\cmd;C:\Program Files\nodejs\;C:\xx\php;C:\ProgramData\ComposerSetup\bin;C:\src\flutter;C:\Users\HP\AppData\Local\Programs\Microsoft VS Code\bin;C:\Users\HP\AppData\Roaming\npm;C:\Users\HP\AppData\Roaming\Composer\vendor\bin;C:\Users\HP\AppData\Local\Microsoft\WindowsApps;
USERNAME=HP
OS=Windows_NT
PROCESSOR_IDENTIFIER=Intel64 Family 6 Model 142 Stepping 9, GenuineIntel



---------------  S Y S T E M  ---------------

OS: Windows 10.0 , 64 bit Build 19041 (10.0.19041.928)

CPU:total 4 (initial active 4) (2 cores per cpu, 2 threads per core) family 6 model 142 stepping 9, cmov, cx8, fxsr, mmx, sse, sse2, sse3, ssse3, sse4.1, sse4.2, popcnt, avx, avx2, aes, clmul, erms, 3dnowpref, lzcnt, ht, tsc, tscinvbit, bmi1, bmi2, adx

Memory: 4k page, physical 4109224k(159504k free), swap 16691956k(192k free)

vm_info: OpenJDK 64-Bit Server VM (25.212-b04) for windows-amd64 JRE (1.8.0_212-release-1586-b04), built by "builder" with MS VC++ 10.0 (VS2010)

time: Wed Jun 02 02:20:06 2021
timezone:  ÊﬁÌ  ’Ì›Ì ··÷›… «·€—»Ì… Ê€“…
elapsed time: 126 seconds (0d 0h 2m 6s)

