#
# There is insufficient memory for the Java Runtime Environment to continue.
# Native memory allocation (malloc) failed to allocate 859840 bytes for Chunk::new
# Possible reasons:
#   The system is out of physical RAM or swap space
#   The process is running with CompressedOops enabled, and the Java Heap may be blocking the growth of the native heap
# Possible solutions:
#   Reduce memory load on the system
#   Increase physical memory or swap space
#   Check if swap backing store is full
#   Decrease Java heap size (-Xmx/-Xms)
#   Decrease number of Java threads
#   Decrease Java thread stack sizes (-Xss)
#   Set larger code cache with -XX:ReservedCodeCacheSize=
#   JVM is running with Unscaled Compressed Oops mode in which the Java heap is
#     placed in the first 4GB address space. The Java Heap base address is the
#     maximum limit for the native heap growth. Please use -XX:HeapBaseMinAddress
#     to set the Java Heap base and to place the Java Heap above 4GB virtual address.
# This output file may be truncated or incomplete.
#
#  Out of Memory Error (allocation.cpp:389), pid=8244, tid=0x0000000000001014
#
# JRE version: OpenJDK Runtime Environment (8.0_212-b04) (build 1.8.0_212-release-1586-b04)
# Java VM: OpenJDK 64-Bit Server VM (25.212-b04 mixed mode windows-amd64 compressed oops)
# Failed to write core dump. Minidumps are not enabled by default on client versions of Windows
#

---------------  T H R E A D  ---------------

Current thread (0x00000000152b4800):  JavaThread "C2 CompilerThread0" daemon [_thread_in_native, id=4116, stack(0x0000000016920000,0x0000000016a20000)]

Stack: [0x0000000016920000,0x0000000016a20000]
[error occurred during error reporting (printing stack bounds), id 0xc0000005]

Native frames: (J=compiled Java code, j=interpreted, Vv=VM code, C=native code)


Current CompileTask:
C2:   8635 5324       4       org.jetbrains.org.objectweb.asm.ClassReader::readMethod (1047 bytes)


---------------  P R O C E S S  ---------------

Java Threads: ( => current thread )
  0x0000000016c9a800 JavaThread "Service Thread" daemon [_thread_blocked, id=16676, stack(0x0000000017020000,0x0000000017120000)]
  0x00000000152bf800 JavaThread "C1 CompilerThread2" daemon [_thread_in_native, id=12696, stack(0x0000000016b20000,0x0000000016c20000)]
  0x00000000152b8800 JavaThread "C2 CompilerThread1" daemon [_thread_in_native, id=1568, stack(0x0000000016a20000,0x0000000016b20000)]
=>0x00000000152b4800 JavaThread "C2 CompilerThread0" daemon [_thread_in_native, id=4116, stack(0x0000000016920000,0x0000000016a20000)]
  0x0000000015301800 JavaThread "Attach Listener" daemon [_thread_blocked, id=9136, stack(0x0000000016820000,0x0000000016920000)]
  0x00000000152a7000 JavaThread "Signal Dispatcher" daemon [_thread_blocked, id=7732, stack(0x0000000016720000,0x0000000016820000)]
  0x0000000002c9b800 JavaThread "Finalizer" daemon [_thread_blocked, id=3340, stack(0x0000000016520000,0x0000000016620000)]
  0x0000000015299000 JavaThread "Reference Handler" daemon [_thread_blocked, id=9432, stack(0x0000000016420000,0x0000000016520000)]
  0x0000000002b9e000 JavaThread "main" [_thread_in_native, id=9056, stack(0x0000000002a40000,0x0000000002b40000)]

Other Threads:
  0x0000000015275800 VMThread [stack: 0x0000000016320000,0x0000000016420000] [id=10628]
  0x0000000016c9d800 WatcherThread [stack: 0x0000000017120000,0x0000000017220000] [id=2556]

VM state:not at safepoint (normal execution)

VM Mutex/Monitor currently owned by a thread: None

heap address: 0x00000000c1400000, size: 1004 MB, Compressed Oops mode: 32-bit
Narrow klass base: 0x0000000000000000, Narrow klass shift: 3
Compressed class space size: 1073741824 Address: 0x0000000100000000

Heap:
 PSYoungGen      total 97792K, used 23835K [0x00000000eb180000, 0x00000000f2c80000, 0x0000000100000000)
  eden space 80896K, 8% used [0x00000000eb180000,0x00000000eb84de38,0x00000000f0080000)
  from space 16896K, 99% used [0x00000000f1480000,0x00000000f24f8f00,0x00000000f2500000)
  to   space 20480K, 0% used [0x00000000f0080000,0x00000000f0080000,0x00000000f1480000)
 ParOldGen       total 67584K, used 23508K [0x00000000c1400000, 0x00000000c5600000, 0x00000000eb180000)
  object space 67584K, 34% used [0x00000000c1400000,0x00000000c2af5058,0x00000000c5600000)
 Metaspace       used 43985K, capacity 44766K, committed 45184K, reserved 1089536K
  class space    used 5275K, capacity 5453K, committed 5504K, reserved 1048576K

Card table byte_map: [0x0000000012060000,0x0000000012260000] byte_map_base: 0x0000000011a56000

Marking Bits: (ParMarkBitMap*) 0x0000000063689f30
 Begin Bits: [0x00000000127b0000, 0x0000000013760000)
 End Bits:   [0x0000000013760000, 0x0000000014710000)

Polling page: 0x0000000000d70000

CodeCache: size=245760Kb used=19949Kb max_used=19949Kb free=225810Kb
 bounds [0x0000000002ca0000, 0x0000000004030000, 0x0000000011ca0000]
 total_blobs=5938 nmethods=5467 adapters=384
 compilation: enabled

Compilation events (10 events):
Event: 8.618 Thread 0x00000000152bf800 5514       3       java.util.LinkedHashMap$LinkedKeySet::size (8 bytes)
Event: 8.618 Thread 0x00000000152bf800 nmethod 5514 0x0000000004023950 code [0x0000000004023aa0, 0x0000000004023bf0]
Event: 8.618 Thread 0x00000000152bf800 5516       3       org.jetbrains.kotlin.resolve.lazy.descriptors.LazyClassDescriptor$$Lambda$153/664899131::invoke (8 bytes)
Event: 8.618 Thread 0x00000000152bf800 nmethod 5516 0x0000000004023c90 code [0x0000000004023e40, 0x0000000004024528]
Event: 8.618 Thread 0x00000000152bf800 5517       3       org.jetbrains.kotlin.resolve.lazy.descriptors.LazyClassDescriptor::lambda$getDeclaredCallableMembers$9 (31 bytes)
Event: 8.618 Thread 0x00000000152bf800 nmethod 5517 0x0000000004024690 code [0x0000000004024820, 0x0000000004024d88]
Event: 8.624 Thread 0x00000000152bf800 5518       3       java.lang.invoke.MethodHandle::setVarargs (38 bytes)
Event: 8.625 Thread 0x00000000152bf800 nmethod 5518 0x0000000004024e90 code [0x0000000004025080, 0x0000000004025b28]
Event: 8.625 Thread 0x00000000152bf800 5519       3       java.lang.invoke.MemberName::isVarargs (23 bytes)
Event: 8.626 Thread 0x00000000152bf800 nmethod 5519 0x0000000004025ed0 code [0x0000000004026060, 0x00000000040265d0]

GC Heap History (10 events):
Event: 4.522 GC heap before
{Heap before GC invocations=8 (full 1):
 PSYoungGen      total 54272K, used 54238K [0x00000000eb180000, 0x00000000f0080000, 0x0000000100000000)
  eden space 47616K, 100% used [0x00000000eb180000,0x00000000ee000000,0x00000000ee000000)
  from space 6656K, 99% used [0x00000000efa00000,0x00000000f0077978,0x00000000f0080000)
  to   space 8704K, 0% used [0x00000000eef80000,0x00000000eef80000,0x00000000ef800000)
 ParOldGen       total 40448K, used 9355K [0x00000000c1400000, 0x00000000c3b80000, 0x00000000eb180000)
  object space 40448K, 23% used [0x00000000c1400000,0x00000000c1d22fb8,0x00000000c3b80000)
 Metaspace       used 31735K, capacity 32276K, committed 32640K, reserved 1077248K
  class space    used 3976K, capacity 4120K, committed 4224K, reserved 1048576K
Event: 4.538 GC heap after
Heap after GC invocations=8 (full 1):
 PSYoungGen      total 72192K, used 8675K [0x00000000eb180000, 0x00000000f1180000, 0x0000000100000000)
  eden space 63488K, 0% used [0x00000000eb180000,0x00000000eb180000,0x00000000eef80000)
  from space 8704K, 99% used [0x00000000eef80000,0x00000000ef7f8c50,0x00000000ef800000)
  to   space 14336K, 0% used [0x00000000f0380000,0x00000000f0380000,0x00000000f1180000)
 ParOldGen       total 40448K, used 18942K [0x00000000c1400000, 0x00000000c3b80000, 0x00000000eb180000)
  object space 40448K, 46% used [0x00000000c1400000,0x00000000c267f970,0x00000000c3b80000)
 Metaspace       used 31735K, capacity 32276K, committed 32640K, reserved 1077248K
  class space    used 3976K, capacity 4120K, committed 4224K, reserved 1048576K
}
Event: 4.977 GC heap before
{Heap before GC invocations=9 (full 1):
 PSYoungGen      total 72192K, used 24869K [0x00000000eb180000, 0x00000000f1180000, 0x0000000100000000)
  eden space 63488K, 25% used [0x00000000eb180000,0x00000000ec150858,0x00000000eef80000)
  from space 8704K, 99% used [0x00000000eef80000,0x00000000ef7f8c50,0x00000000ef800000)
  to   space 14336K, 0% used [0x00000000f0380000,0x00000000f0380000,0x00000000f1180000)
 ParOldGen       total 40448K, used 18942K [0x00000000c1400000, 0x00000000c3b80000, 0x00000000eb180000)
  object space 40448K, 46% used [0x00000000c1400000,0x00000000c267f970,0x00000000c3b80000)
 Metaspace       used 34594K, capacity 35056K, committed 35416K, reserved 1081344K
  class space    used 4379K, capacity 4510K, committed 4608K, reserved 1048576K
Event: 4.990 GC heap after
Heap after GC invocations=9 (full 1):
 PSYoungGen      total 82432K, used 12623K [0x00000000eb180000, 0x00000000f2f00000, 0x0000000100000000)
  eden space 68096K, 0% used [0x00000000eb180000,0x00000000eb180000,0x00000000ef400000)
  from space 14336K, 88% used [0x00000000f0380000,0x00000000f0fd3c30,0x00000000f1180000)
  to   space 15872K, 0% used [0x00000000ef400000,0x00000000ef400000,0x00000000f0380000)
 ParOldGen       total 40448K, used 18950K [0x00000000c1400000, 0x00000000c3b80000, 0x00000000eb180000)
  object space 40448K, 46% used [0x00000000c1400000,0x00000000c2681970,0x00000000c3b80000)
 Metaspace       used 34594K, capacity 35056K, committed 35416K, reserved 1081344K
  class space    used 4379K, capacity 4510K, committed 4608K, reserved 1048576K
}
Event: 4.990 GC heap before
{Heap before GC invocations=10 (full 2):
 PSYoungGen      total 82432K, used 12623K [0x00000000eb180000, 0x00000000f2f00000, 0x0000000100000000)
  eden space 68096K, 0% used [0x00000000eb180000,0x00000000eb180000,0x00000000ef400000)
  from space 14336K, 88% used [0x00000000f0380000,0x00000000f0fd3c30,0x00000000f1180000)
  to   space 15872K, 0% used [0x00000000ef400000,0x00000000ef400000,0x00000000f0380000)
 ParOldGen       total 40448K, used 18950K [0x00000000c1400000, 0x00000000c3b80000, 0x00000000eb180000)
  object space 40448K, 46% used [0x00000000c1400000,0x00000000c2681970,0x00000000c3b80000)
 Metaspace       used 34594K, capacity 35056K, committed 35416K, reserved 1081344K
  class space    used 4379K, capacity 4510K, committed 4608K, reserved 1048576K
Event: 5.065 GC heap after
Heap after GC invocations=10 (full 2):
 PSYoungGen      total 82432K, used 0K [0x00000000eb180000, 0x00000000f2f00000, 0x0000000100000000)
  eden space 68096K, 0% used [0x00000000eb180000,0x00000000eb180000,0x00000000ef400000)
  from space 14336K, 0% used [0x00000000f0380000,0x00000000f0380000,0x00000000f1180000)
  to   space 15872K, 0% used [0x00000000ef400000,0x00000000ef400000,0x00000000f0380000)
 ParOldGen       total 67584K, used 18784K [0x00000000c1400000, 0x00000000c5600000, 0x00000000eb180000)
  object space 67584K, 27% used [0x00000000c1400000,0x00000000c2658168,0x00000000c5600000)
 Metaspace       used 34594K, capacity 35056K, committed 35416K, reserved 1081344K
  class space    used 4379K, capacity 4510K, committed 4608K, reserved 1048576K
}
Event: 6.637 GC heap before
{Heap before GC invocations=11 (full 2):
 PSYoungGen      total 82432K, used 68096K [0x00000000eb180000, 0x00000000f2f00000, 0x0000000100000000)
  eden space 68096K, 100% used [0x00000000eb180000,0x00000000ef400000,0x00000000ef400000)
  from space 14336K, 0% used [0x00000000f0380000,0x00000000f0380000,0x00000000f1180000)
  to   space 15872K, 0% used [0x00000000ef400000,0x00000000ef400000,0x00000000f0380000)
 ParOldGen       total 67584K, used 18784K [0x00000000c1400000, 0x00000000c5600000, 0x00000000eb180000)
  object space 67584K, 27% used [0x00000000c1400000,0x00000000c2658168,0x00000000c5600000)
 Metaspace       used 40008K, capacity 40600K, committed 40960K, reserved 1085440K
  class space    used 4946K, capacity 5094K, committed 5120K, reserved 1048576K
Event: 6.647 GC heap after
Heap after GC invocations=11 (full 2):
 PSYoungGen      total 83968K, used 12072K [0x00000000eb180000, 0x00000000f2500000, 0x0000000100000000)
  eden space 68096K, 0% used [0x00000000eb180000,0x00000000eb180000,0x00000000ef400000)
  from space 15872K, 76% used [0x00000000ef400000,0x00000000effca370,0x00000000f0380000)
  to   space 16896K, 0% used [0x00000000f1480000,0x00000000f1480000,0x00000000f2500000)
 ParOldGen       total 67584K, used 18792K [0x00000000c1400000, 0x00000000c5600000, 0x00000000eb180000)
  object space 67584K, 27% used [0x00000000c1400000,0x00000000c265a168,0x00000000c5600000)
 Metaspace       used 40008K, capacity 40600K, committed 40960K, reserved 1085440K
  class space    used 4946K, capacity 5094K, committed 5120K, reserved 1048576K
}
Event: 8.482 GC heap before
{Heap before GC invocations=12 (full 2):
 PSYoungGen      total 83968K, used 80168K [0x00000000eb180000, 0x00000000f2500000, 0x0000000100000000)
  eden space 68096K, 100% used [0x00000000eb180000,0x00000000ef400000,0x00000000ef400000)
  from space 15872K, 76% used [0x00000000ef400000,0x00000000effca370,0x00000000f0380000)
  to   space 16896K, 0% used [0x00000000f1480000,0x00000000f1480000,0x00000000f2500000)
 ParOldGen       total 67584K, used 18792K [0x00000000c1400000, 0x00000000c5600000, 0x00000000eb180000)
  object space 67584K, 27% used [0x00000000c1400000,0x00000000c265a168,0x00000000c5600000)
 Metaspace       used 43704K, capacity 44434K, committed 44672K, reserved 1089536K
  class space    used 5243K, capacity 5415K, committed 5504K, reserved 1048576K
Event: 8.518 GC heap after
Heap after GC invocations=12 (full 2):
 PSYoungGen      total 97792K, used 16867K [0x00000000eb180000, 0x00000000f2c80000, 0x0000000100000000)
  eden space 80896K, 0% used [0x00000000eb180000,0x00000000eb180000,0x00000000f0080000)
  from space 16896K, 99% used [0x00000000f1480000,0x00000000f24f8f00,0x00000000f2500000)
  to   space 20480K, 0% used [0x00000000f0080000,0x00000000f0080000,0x00000000f1480000)
 ParOldGen       total 67584K, used 23508K [0x00000000c1400000, 0x00000000c5600000, 0x00000000eb180000)
  object space 67584K, 34% used [0x00000000c1400000,0x00000000c2af5058,0x00000000c5600000)
 Metaspace       used 43704K, capacity 44434K, committed 44672K, reserved 1089536K
  class space    used 5243K, capacity 5415K, committed 5504K, reserved 1048576K
}

Deoptimization events (10 events):
Event: 6.850 Thread 0x0000000002b9e000 Uncommon trap: reason=class_check action=maybe_recompile pc=0x000000000341e508 method=java.lang.ThreadLocal$ThreadLocalMap.getEntryAfterMiss(Ljava/lang/ThreadLocal;ILjava/lang/ThreadLocal$ThreadLocalMap$Entry;)Ljava/lang/ThreadLocal$ThreadLocalMap$Entry; 
Event: 6.867 Thread 0x0000000002b9e000 Uncommon trap: reason=class_check action=maybe_recompile pc=0x0000000003419514 method=java.lang.ThreadLocal$ThreadLocalMap.getEntryAfterMiss(Ljava/lang/ThreadLocal;ILjava/lang/ThreadLocal$ThreadLocalMap$Entry;)Ljava/lang/ThreadLocal$ThreadLocalMap$Entry; 
Event: 6.923 Thread 0x0000000002b9e000 Uncommon trap: reason=unstable_if action=reinterpret pc=0x000000000351d124 method=org.jetbrains.kotlin.parsing.AbstractKotlinParsing.tokenMatches(Lorg/jetbrains/kotlin/com/intellij/psi/tree/IElementType;Lorg/jetbrains/kotlin/com/intellij/psi/tree/IElement
Event: 6.965 Thread 0x0000000002b9e000 Uncommon trap: reason=unstable_if action=reinterpret pc=0x00000000038ee568 method=org.jetbrains.org.objectweb.asm.ClassReader.readMethod(Lorg/jetbrains/org/objectweb/asm/ClassVisitor;Lorg/jetbrains/org/objectweb/asm/Context;I)I @ 316
Event: 6.977 Thread 0x0000000002b9e000 Uncommon trap: reason=unstable_if action=reinterpret pc=0x0000000003777870 method=org.jetbrains.kotlin.name.Name.hashCode()I @ 16
Event: 8.126 Thread 0x0000000002b9e000 Uncommon trap: reason=unstable_if action=reinterpret pc=0x0000000003ea15f4 method=org.jetbrains.org.objectweb.asm.ClassReader.<init>([BIZ)V @ 23
Event: 8.352 Thread 0x0000000002b9e000 Uncommon trap: reason=class_check action=maybe_recompile pc=0x0000000003f2ea50 method=kotlin.collections.CollectionsKt___CollectionsKt.toSet(Ljava/lang/Iterable;)Ljava/util/Set; @ 71
Event: 8.372 Thread 0x0000000002b9e000 Uncommon trap: reason=class_check action=maybe_recompile pc=0x0000000003f2ea50 method=kotlin.collections.CollectionsKt___CollectionsKt.toSet(Ljava/lang/Iterable;)Ljava/util/Set; @ 71
Event: 8.373 Thread 0x0000000002b9e000 Uncommon trap: reason=class_check action=maybe_recompile pc=0x0000000003f2ea50 method=kotlin.collections.CollectionsKt___CollectionsKt.toSet(Ljava/lang/Iterable;)Ljava/util/Set; @ 71
Event: 8.373 Thread 0x0000000002b9e000 Uncommon trap: reason=class_check action=maybe_recompile pc=0x0000000003f2ea50 method=kotlin.collections.CollectionsKt___CollectionsKt.toSet(Ljava/lang/Iterable;)Ljava/util/Set; @ 71

Classes redefined (0 events):
No events

Internal exceptions (10 events):
Event: 2.157 Thread 0x0000000002b9e000 Exception <a 'java/lang/NoSuchMethodError': java.lang.Object.lambda$static$0()J> (0x00000000eb688548) thrown at [D:\src\AOSP-openjdk-cygwin\jdk8u\hotspot\src\share\vm\interpreter\linkResolver.cpp, line 620]
Event: 2.375 Thread 0x0000000002b9e000 Exception <a 'java/lang/NoSuchMethodError': java.lang.Object.lambda$static$0(I)[Lorg/jetbrains/kotlin/com/intellij/openapi/editor/event/DocumentListener;> (0x00000000ebdd6a30) thrown at [D:\src\AOSP-openjdk-cygwin\jdk8u\hotspot\src\share\vm\interpreter\li
Event: 2.415 Thread 0x0000000002b9e000 Exception <a 'java/lang/NoSuchMethodError': java.lang.Object.lambda$static$0(I)[Lorg/jetbrains/kotlin/com/intellij/psi/PsiAnnotation;> (0x00000000ebff2880) thrown at [D:\src\AOSP-openjdk-cygwin\jdk8u\hotspot\src\share\vm\interpreter\linkResolver.cpp, line
Event: 2.638 Thread 0x0000000002b9e000 Exception <a 'java/lang/NoSuchMethodError': java.lang.Object.lambda$static$0(I)[Lorg/jetbrains/kotlin/com/intellij/psi/PsiElement;> (0x00000000eb263628) thrown at [D:\src\AOSP-openjdk-cygwin\jdk8u\hotspot\src\share\vm\interpreter\linkResolver.cpp, line 62
Event: 4.072 Thread 0x0000000002b9e000 Exception <a 'java/lang/ArrayIndexOutOfBoundsException': 126> (0x00000000ec99f458) thrown at [D:\src\AOSP-openjdk-cygwin\jdk8u\hotspot\src\share\vm\interpreter\interpreterRuntime.cpp, line 368]
Event: 4.073 Thread 0x0000000002b9e000 Exception <a 'java/lang/ArrayIndexOutOfBoundsException': 86> (0x00000000ec9a08e0) thrown at [D:\src\AOSP-openjdk-cygwin\jdk8u\hotspot\src\share\vm\interpreter\interpreterRuntime.cpp, line 368]
Event: 5.126 Thread 0x0000000002b9e000 Exception <a 'java/lang/NoSuchMethodError': java.lang.Object.lambda$static$0(I)[Lorg/jetbrains/kotlin/psi/KtExpression;> (0x00000000eb32be88) thrown at [D:\src\AOSP-openjdk-cygwin\jdk8u\hotspot\src\share\vm\interpreter\linkResolver.cpp, line 620]
Event: 5.355 Thread 0x0000000002b9e000 Exception <a 'java/lang/NoSuchMethodError': java.lang.Object.lambda$static$0(I)[Lorg/jetbrains/kotlin/psi/KtDeclaration;> (0x00000000eb740b00) thrown at [D:\src\AOSP-openjdk-cygwin\jdk8u\hotspot\src\share\vm\interpreter\linkResolver.cpp, line 620]
Event: 5.404 Thread 0x0000000002b9e000 Exception <a 'java/lang/NoSuchMethodError': java.lang.Object.lambda$static$0(I)[Lorg/jetbrains/kotlin/psi/KtTypeElement;> (0x00000000eb8d6568) thrown at [D:\src\AOSP-openjdk-cygwin\jdk8u\hotspot\src\share\vm\interpreter\linkResolver.cpp, line 620]
Event: 6.691 Thread 0x0000000002b9e000 Exception <a 'java/lang/NoSuchMethodError': java.lang.Object.lambda$static$0(I)[Lorg/jetbrains/kotlin/com/intellij/psi/PsiClass;> (0x00000000eb362608) thrown at [D:\src\AOSP-openjdk-cygwin\jdk8u\hotspot\src\share\vm\interpreter\linkResolver.cpp, line 620]

Events (10 events):
Event: 8.624 loading class org/jetbrains/kotlin/cfg/WhenChecker
Event: 8.624 loading class org/jetbrains/kotlin/cfg/WhenChecker done
Event: 8.627 loading class org/jetbrains/kotlin/cfg/WhenExhaustivenessChecker
Event: 8.627 loading class org/jetbrains/kotlin/cfg/WhenExhaustivenessChecker done
Event: 8.627 loading class org/jetbrains/kotlin/cfg/WhenOnBooleanExhaustivenessChecker
Event: 8.627 loading class org/jetbrains/kotlin/cfg/WhenOnBooleanExhaustivenessChecker done
Event: 8.627 loading class org/jetbrains/kotlin/cfg/WhenOnEnumExhaustivenessChecker
Event: 8.627 loading class org/jetbrains/kotlin/cfg/WhenOnEnumExhaustivenessChecker done
Event: 8.628 loading class org/jetbrains/kotlin/cfg/WhenOnClassExhaustivenessChecker
Event: 8.628 loading class org/jetbrains/kotlin/cfg/WhenOnClassExhaustivenessChecker done


Dynamic libraries:
0x00007ff63cba0000 - 0x00007ff63cbd1000 	C:\Program Files\Android\Android Studio\jre\jre\bin\java.exe
0x00007ffc8c770000 - 0x00007ffc8c965000 	C:\WINDOWS\SYSTEM32\ntdll.dll
0x00007ffc8b000000 - 0x00007ffc8b0bd000 	C:\WINDOWS\System32\KERNEL32.DLL
0x00007ffc8a0b0000 - 0x00007ffc8a378000 	C:\WINDOWS\System32\KERNELBASE.dll
0x00007ffc8ad20000 - 0x00007ffc8adcc000 	C:\WINDOWS\System32\ADVAPI32.dll
0x00007ffc8c690000 - 0x00007ffc8c72e000 	C:\WINDOWS\System32\msvcrt.dll
0x00007ffc8ab30000 - 0x00007ffc8abcb000 	C:\WINDOWS\System32\sechost.dll
0x00007ffc8a8e0000 - 0x00007ffc8aa0b000 	C:\WINDOWS\System32\RPCRT4.dll
0x00007ffc8bcd0000 - 0x00007ffc8be70000 	C:\WINDOWS\System32\USER32.dll
0x00007ffc89f50000 - 0x00007ffc89f72000 	C:\WINDOWS\System32\win32u.dll
0x00007ffc8c5b0000 - 0x00007ffc8c5da000 	C:\WINDOWS\System32\GDI32.dll
0x00007ffc8a3e0000 - 0x00007ffc8a4eb000 	C:\WINDOWS\System32\gdi32full.dll
0x00007ffc89eb0000 - 0x00007ffc89f4d000 	C:\WINDOWS\System32\msvcp_win.dll
0x00007ffc8a4f0000 - 0x00007ffc8a5f0000 	C:\WINDOWS\System32\ucrtbase.dll
0x00007ffc892a0000 - 0x00007ffc8953a000 	C:\WINDOWS\WinSxS\amd64_microsoft.windows.common-controls_6595b64144ccf1df_6.0.19041.844_none_ca00b6081b84eb1d\COMCTL32.dll
0x00007ffc8acf0000 - 0x00007ffc8ad20000 	C:\WINDOWS\System32\IMM32.DLL
0x0000000062c40000 - 0x0000000062d12000 	C:\Program Files\Android\Android Studio\jre\jre\bin\msvcr100.dll
0x0000000062ec0000 - 0x0000000063706000 	C:\Program Files\Android\Android Studio\jre\jre\bin\server\jvm.dll
0x00007ffc8aa10000 - 0x00007ffc8aa18000 	C:\WINDOWS\System32\PSAPI.DLL
0x00007ffc73250000 - 0x00007ffc73259000 	C:\WINDOWS\SYSTEM32\WSOCK32.dll
0x00007ffc7f910000 - 0x00007ffc7f91a000 	C:\WINDOWS\SYSTEM32\VERSION.dll
0x00007ffc8c4e0000 - 0x00007ffc8c54b000 	C:\WINDOWS\System32\WS2_32.dll
0x00007ffc7e8d0000 - 0x00007ffc7e8f7000 	C:\WINDOWS\SYSTEM32\WINMM.dll
0x00007ffc84e50000 - 0x00007ffc84e5f000 	C:\Program Files\Android\Android Studio\jre\jre\bin\verify.dll
0x00007ffc78890000 - 0x00007ffc788b9000 	C:\Program Files\Android\Android Studio\jre\jre\bin\java.dll
0x00007ffc78f40000 - 0x00007ffc78f56000 	C:\Program Files\Android\Android Studio\jre\jre\bin\zip.dll
0x00007ffc8b0c0000 - 0x00007ffc8b802000 	C:\WINDOWS\System32\SHELL32.dll
0x00007ffc87990000 - 0x00007ffc88120000 	C:\WINDOWS\SYSTEM32\windows.storage.dll
0x00007ffc8b970000 - 0x00007ffc8bcc5000 	C:\WINDOWS\System32\combase.dll
0x00007ffc89230000 - 0x00007ffc8925c000 	C:\WINDOWS\SYSTEM32\Wldp.dll
0x00007ffc8aa80000 - 0x00007ffc8ab2e000 	C:\WINDOWS\System32\SHCORE.dll
0x00007ffc8b810000 - 0x00007ffc8b865000 	C:\WINDOWS\System32\shlwapi.dll
0x00007ffc89df0000 - 0x00007ffc89e0f000 	C:\WINDOWS\SYSTEM32\profapi.dll
0x00007ffc78870000 - 0x00007ffc7888a000 	C:\Program Files\Android\Android Studio\jre\jre\bin\net.dll
0x00007ffc7e6d0000 - 0x00007ffc7e8be000 	C:\WINDOWS\SYSTEM32\urlmon.dll
0x00007ffc7ea40000 - 0x00007ffc7ecf0000 	C:\WINDOWS\SYSTEM32\iertutil.dll
0x00007ffc89110000 - 0x00007ffc8917a000 	C:\WINDOWS\system32\mswsock.dll
0x00007ffc76c60000 - 0x00007ffc76c73000 	C:\Program Files\Android\Android Studio\jre\jre\bin\nio.dll

VM Arguments:
java_command: org.jetbrains.kotlin.cli.jvm.K2JVMCompiler @C:\Users\HP\Desktop\Fina-Project\app\build\20210613_1301862397545750062.compiler.options
java_class_path (initial): C:\Users\HP\.gradle\caches\modules-2\files-2.1\org.jetbrains.kotlin\kotlin-compiler-embeddable\1.4.10\38c4b99d5d5362debdd9302a866730379aa2328a\kotlin-compiler-embeddable-1.4.10.jar;C:\Users\HP\.gradle\caches\modules-2\files-2.1\org.jetbrains.kotlin\kotlin-reflect\1.4.10\e2b3c6695eee6085e606d96d685396dce23a3a06\kotlin-reflect-1.4.10.jar;C:\Users\HP\.gradle\caches\modules-2\files-2.1\org.jetbrains.kotlin\kotlin-stdlib\1.4.10\ea29e063d2bbe695be13e9d044dcfb0c7add398e\kotlin-stdlib-1.4.10.jar;C:\Users\HP\.gradle\caches\modules-2\files-2.1\org.jetbrains.kotlin\kotlin-script-runtime\1.4.10\7c19d9c2001e016cd7664cebe9eea66fc04a7f4f\kotlin-script-runtime-1.4.10.jar;C:\Users\HP\.gradle\caches\modules-2\files-2.1\org.jetbrains.kotlin\kotlin-daemon-embeddable\1.4.10\dbd67f42bed28043d17d7c860b06110a00a45970\kotlin-daemon-embeddable-1.4.10.jar;C:\Users\HP\.gradle\caches\modules-2\files-2.1\org.jetbrains.intellij.deps\trove4j\1.0.20181211\216c2e14b070f334479d800987affe4054cd563f\trove4j-1.0.20181211.jar;C:\Users\HP\.gradle\caches\modules-2\files-2.1\org.jetbrains.kotlin\kotlin-stdlib-common\1.4.10\6229be3465805c99db1142ad75e6c6ddeac0b04c\kotlin-stdlib-common-1.4.10.jar;C:\Users\HP\.gradle\caches\modules-2\files-2.1\org.jetbrains\annotations\13.0\919f0dfe192fb4e063e7dacadee7f8bb9a2672a9\annotations-13.0.jar;C:\Program Files\Android\Android Studio\jre\lib\tools.jar
Launcher Type: SUN_STANDARD

Environment Variables:
PATH=C:\oraclexe\app\oracle\product\11.2.0\server\bin;C:\WINDOWS\system32;C:\WINDOWS;C:\WINDOWS\System32\Wbem;C:\WINDOWS\System32\WindowsPowerShell\v1.0\;C:\WINDOWS\System32\OpenSSH\;C:\Program Files\Git\cmd;C:\Program Files\nodejs\;C:\xx\php;C:\ProgramData\ComposerSetup\bin;C:\src\flutter;C:\Users\HP\AppData\Local\Programs\Microsoft VS Code\bin;C:\Users\HP\AppData\Roaming\npm;C:\Users\HP\AppData\Roaming\Composer\vendor\bin;C:\Users\HP\AppData\Local\Microsoft\WindowsApps;
USERNAME=HP
OS=Windows_NT
PROCESSOR_IDENTIFIER=Intel64 Family 6 Model 142 Stepping 9, GenuineIntel



---------------  S Y S T E M  ---------------

OS: Windows 10.0 , 64 bit Build 19041 (10.0.19041.928)

CPU:total 4 (initial active 4) (2 cores per cpu, 2 threads per core) family 6 model 142 stepping 9, cmov, cx8, fxsr, mmx, sse, sse2, sse3, ssse3, sse4.1, sse4.2, popcnt, avx, avx2, aes, clmul, erms, 3dnowpref, lzcnt, ht, tsc, tscinvbit, bmi1, bmi2, adx

Memory: 4k page, physical 4109224k(38440k free), swap 16692136k(4540k free)

vm_info: OpenJDK 64-Bit Server VM (25.212-b04) for windows-amd64 JRE (1.8.0_212-release-1586-b04), built by "builder" with MS VC++ 10.0 (VS2010)

time: Sun Jun 13 22:38:54 2021
timezone:  ÊﬁÌ  ’Ì›Ì ··÷›… «·€—»Ì… Ê€“…
elapsed time: 8 seconds (0d 0h 0m 8s)

