#
# There is insufficient memory for the Java Runtime Environment to continue.
# Native memory allocation (malloc) failed to allocate 3269616 bytes for Chunk::new
# Possible reasons:
#   The system is out of physical RAM or swap space
#   The process is running with CompressedOops enabled, and the Java Heap may be blocking the growth of the native heap
# Possible solutions:
#   Reduce memory load on the system
#   Increase physical memory or swap space
#   Check if swap backing store is full
#   Decrease Java heap size (-Xmx/-Xms)
#   Decrease number of Java threads
#   Decrease Java thread stack sizes (-Xss)
#   Set larger code cache with -XX:ReservedCodeCacheSize=
#   JVM is running with Unscaled Compressed Oops mode in which the Java heap is
#     placed in the first 4GB address space. The Java Heap base address is the
#     maximum limit for the native heap growth. Please use -XX:HeapBaseMinAddress
#     to set the Java Heap base and to place the Java Heap above 4GB virtual address.
# This output file may be truncated or incomplete.
#
#  Out of Memory Error (allocation.cpp:389), pid=12000, tid=0x000000000000058c
#
# JRE version: OpenJDK Runtime Environment (8.0_212-b04) (build 1.8.0_212-release-1586-b04)
# Java VM: OpenJDK 64-Bit Server VM (25.212-b04 mixed mode windows-amd64 compressed oops)
# Failed to write core dump. Minidumps are not enabled by default on client versions of Windows
#

---------------  T H R E A D  ---------------

Current thread (0x00000000161ac800):  JavaThread "C2 CompilerThread1" daemon [_thread_in_native, id=1420, stack(0x00000000178f0000,0x00000000179f0000)]

Stack: [0x00000000178f0000,0x00000000179f0000]
[error occurred during error reporting (printing stack bounds), id 0xc0000005]

Native frames: (J=compiled Java code, j=interpreted, Vv=VM code, C=native code)


Current CompileTask:
C2:  43948 11989       4       com.android.tools.r8.ir.regalloc.LinearScanRegisterAllocator::a (3993 bytes)


---------------  P R O C E S S  ---------------

Java Threads: ( => current thread )
  0x000000001f857000 JavaThread "WorkerExecutor Queue" [_thread_in_Java, id=11920, stack(0x00000000240a0000,0x00000000241a0000)]
  0x000000001f855800 JavaThread "Cache worker for execution history cache (C:\Users\HP\Desktop\Fina-Project\.gradle\5.6.4\executionHistory)" [_thread_blocked, id=7936, stack(0x0000000023680000,0x0000000023780000)]
  0x000000001f853000 JavaThread "Execution worker for ':' Thread 3" [_thread_in_vm, id=1260, stack(0x00000000239a0000,0x0000000023aa0000)]
  0x000000001f84b800 JavaThread "Execution worker for ':' Thread 2" [_thread_blocked, id=8868, stack(0x00000000238a0000,0x00000000239a0000)]
  0x000000001f852000 JavaThread "Execution worker for ':'" [_thread_in_Java, id=12028, stack(0x00000000237a0000,0x00000000238a0000)]
  0x000000001f851800 JavaThread "Cache worker for file content cache (C:\Users\HP\Desktop\Fina-Project\.gradle\5.6.4\fileContent)" [_thread_blocked, id=4524, stack(0x0000000023180000,0x0000000023280000)]
  0x000000001f850800 JavaThread "Cache worker for file content cache (C:\Users\HP\.gradle\caches\5.6.4\fileContent)" [_thread_blocked, id=14944, stack(0x0000000023080000,0x0000000023180000)]
  0x000000001f850000 JavaThread "Memory manager" [_thread_blocked, id=1444, stack(0x0000000022350000,0x0000000022450000)]
  0x000000001f847800 JavaThread "Cache worker for Build Output Cleanup Cache (C:\Users\HP\Desktop\Fina-Project\.gradle\buildOutputCleanup)" [_thread_blocked, id=9640, stack(0x0000000022050000,0x0000000022150000)]
  0x000000001f849000 JavaThread "pool-1-thread-1" [_thread_blocked, id=3712, stack(0x0000000021d50000,0x0000000021e50000)]
  0x000000001f84c000 JavaThread "Build operations Thread 4" [_thread_blocked, id=1472, stack(0x0000000021610000,0x0000000021710000)]
  0x000000001f84a000 JavaThread "Build operations Thread 3" [_thread_blocked, id=15316, stack(0x0000000021510000,0x0000000021610000)]
  0x000000001f848800 JavaThread "Build operations Thread 2" [_thread_blocked, id=984, stack(0x0000000021410000,0x0000000021510000)]
  0x000000001f84d000 JavaThread "Build operations" [_thread_blocked, id=11776, stack(0x0000000020220000,0x0000000020320000)]
  0x000000001f84e800 JavaThread "Cache worker for execution history cache (C:\Users\HP\.gradle\caches\5.6.4\executionHistory)" [_thread_blocked, id=1096, stack(0x0000000020340000,0x0000000020440000)]
  0x0000000019b0a800 JavaThread "Cache worker for cache directory md-rule (C:\Users\HP\.gradle\caches\5.6.4\md-rule)" [_thread_blocked, id=15064, stack(0x0000000020120000,0x0000000020220000)]
  0x0000000019b0d800 JavaThread "Cache worker for cache directory md-supplier (C:\Users\HP\.gradle\caches\5.6.4\md-supplier)" [_thread_blocked, id=15736, stack(0x0000000020020000,0x0000000020120000)]
  0x0000000019b0d000 JavaThread "Cache worker for file hash cache (C:\Users\HP\Desktop\Fina-Project\.gradle\5.6.4\fileHashes)" [_thread_blocked, id=13724, stack(0x000000001e2b0000,0x000000001e3b0000)]
  0x0000000019b0c000 JavaThread "Cache worker for journal cache (C:\Users\HP\.gradle\caches\journal-1)" [_thread_blocked, id=4076, stack(0x000000001bf10000,0x000000001c010000)]
  0x0000000019b07800 JavaThread "File lock request listener" [_thread_in_native, id=6764, stack(0x000000001be10000,0x000000001bf10000)]
  0x0000000019b09000 JavaThread "Cache worker for file hash cache (C:\Users\HP\.gradle\caches\5.6.4\fileHashes)" [_thread_blocked, id=7580, stack(0x000000001bd10000,0x000000001be10000)]
  0x0000000019a43800 JavaThread "Thread-9" [_thread_blocked, id=15560, stack(0x000000001ba10000,0x000000001bb10000)]
  0x0000000019a3e800 JavaThread "Stdin handler" [_thread_blocked, id=2112, stack(0x000000001b910000,0x000000001ba10000)]
  0x0000000019a37800 JavaThread "Asynchronous log dispatcher for DefaultDaemonConnection: socket connection from /127.0.0.1:52728 to /127.0.0.1:52729" [_thread_blocked, id=13604, stack(0x000000001b810000,0x000000001b910000)]
  0x0000000019a2a800 JavaThread "Daemon worker" [_thread_in_native, id=572, stack(0x000000001b710000,0x000000001b810000)]
  0x0000000019a27800 JavaThread "Cancel handler" [_thread_blocked, id=8292, stack(0x000000001b610000,0x000000001b710000)]
  0x00000000199f7800 JavaThread "Handler for socket connection from /127.0.0.1:52728 to /127.0.0.1:52729" [_thread_in_native, id=8324, stack(0x000000001b310000,0x000000001b410000)]
  0x00000000199f2800 JavaThread "Daemon" [_thread_blocked, id=13672, stack(0x000000001b210000,0x000000001b310000)]
  0x00000000199e1000 JavaThread "Daemon periodic checks" [_thread_blocked, id=10148, stack(0x000000001b110000,0x000000001b210000)]
  0x000000001998d000 JavaThread "Incoming local TCP Connector on port 52728" [_thread_in_native, id=7476, stack(0x000000001aed0000,0x000000001afd0000)]
  0x00000000198b7800 JavaThread "Daemon health stats" [_thread_blocked, id=2744, stack(0x000000001a890000,0x000000001a990000)]
  0x0000000017b54000 JavaThread "Service Thread" daemon [_thread_blocked, id=12916, stack(0x0000000017ef0000,0x0000000017ff0000)]
  0x00000000161f3000 JavaThread "C1 CompilerThread2" daemon [_thread_in_vm, id=10228, stack(0x00000000179f0000,0x0000000017af0000)]
=>0x00000000161ac800 JavaThread "C2 CompilerThread1" daemon [_thread_in_native, id=1420, stack(0x00000000178f0000,0x00000000179f0000)]
  0x00000000161a9800 JavaThread "C2 CompilerThread0" daemon [_thread_in_native, id=9268, stack(0x00000000177f0000,0x00000000178f0000)]
  0x00000000161f1000 JavaThread "Attach Listener" daemon [_thread_blocked, id=14500, stack(0x00000000176f0000,0x00000000177f0000)]
  0x0000000016196800 JavaThread "Signal Dispatcher" daemon [_thread_blocked, id=16268, stack(0x00000000175f0000,0x00000000176f0000)]
  0x000000000282a800 JavaThread "Finalizer" daemon [_thread_blocked, id=3032, stack(0x00000000173f0000,0x00000000174f0000)]
  0x0000000016189000 JavaThread "Reference Handler" daemon [_thread_blocked, id=7492, stack(0x00000000172f0000,0x00000000173f0000)]
  0x0000000000d8e000 JavaThread "main" [_thread_blocked, id=15400, stack(0x0000000002630000,0x0000000002730000)]

Other Threads:
  0x0000000016167000 VMThread [stack: 0x00000000171f0000,0x00000000172f0000] [id=15848]
  0x0000000017b67000 WatcherThread [stack: 0x0000000017ff0000,0x00000000180f0000] [id=9904]

VM state:not at safepoint (normal execution)

VM Mutex/Monitor currently owned by a thread: None

heap address: 0x00000000a0000000, size: 1536 MB, Compressed Oops mode: 32-bit
Narrow klass base: 0x0000000000000000, Narrow klass shift: 3
Compressed class space size: 1073741824 Address: 0x0000000100000000

Heap:
 PSYoungGen      total 332288K, used 188164K [0x00000000e0000000, 0x00000000fad80000, 0x0000000100000000)
  eden space 284672K, 63% used [0x00000000e0000000,0x00000000eafe90a8,0x00000000f1600000)
  from space 47616K, 16% used [0x00000000f1600000,0x00000000f1dd8020,0x00000000f4480000)
  to   space 46080K, 0% used [0x00000000f8080000,0x00000000f8080000,0x00000000fad80000)
 ParOldGen       total 169984K, used 100911K [0x00000000a0000000, 0x00000000aa600000, 0x00000000e0000000)
  object space 169984K, 59% used [0x00000000a0000000,0x00000000a628bc70,0x00000000aa600000)
 Metaspace       used 76530K, capacity 79338K, committed 80000K, reserved 1118208K
  class space    used 10339K, capacity 10911K, committed 11136K, reserved 1048576K

Card table byte_map: [0x0000000011bf0000,0x0000000011f00000] byte_map_base: 0x00000000116f0000

Marking Bits: (ParMarkBitMap*) 0x0000000063809f30
 Begin Bits: [0x0000000012500000, 0x0000000013d00000)
 End Bits:   [0x0000000013d00000, 0x0000000015500000)

Polling page: 0x0000000000d60000

CodeCache: size=245760Kb used=37371Kb max_used=37371Kb free=208388Kb
 bounds [0x0000000002830000, 0x0000000004cd0000, 0x0000000011830000]
 total_blobs=11880 nmethods=11050 adapters=740
 compilation: enabled

Compilation events (10 events):
Event: 43.747 Thread 0x00000000161f3000 12402 %     3       com.android.tools.r8.u.b.l::c @ 59 (98 bytes)
Event: 43.749 Thread 0x00000000161f3000 nmethod 12402% 0x0000000004cc6950 code [0x0000000004cc6cc0, 0x0000000004cc89c8]
Event: 43.789 Thread 0x00000000161f3000 12405       2       com.android.tools.r8.ir.regalloc.a::a (78 bytes)
Event: 43.790 Thread 0x00000000161f3000 nmethod 12405 0x0000000002d8eb50 code [0x0000000002d8ed00, 0x0000000002d8f028]
Event: 43.858 Thread 0x00000000161f3000 12410       1       com.android.tools.r8.u.b.B0::Y (2 bytes)
Event: 43.858 Thread 0x00000000161f3000 nmethod 12410 0x0000000002bc56d0 code [0x0000000002bc5820, 0x0000000002bc5930]
Event: 43.883 Thread 0x00000000161f3000 12406       2       com.google.common.collect.HashBiMap::delete (216 bytes)
Event: 43.886 Thread 0x00000000161f3000 nmethod 12406 0x0000000004cc9a90 code [0x0000000004cc9c20, 0x0000000004cca0f0]
Event: 43.925 Thread 0x00000000161f3000 12414       2       com.android.tools.r8.v.a.a.a.f.x0$e::contains (207 bytes)
Event: 43.928 Thread 0x00000000161f3000 nmethod 12414 0x0000000004cca510 code [0x0000000004cca6e0, 0x0000000004ccac38]

GC Heap History (10 events):
Event: 22.911 GC heap before
{Heap before GC invocations=17 (full 3):
 PSYoungGen      total 194048K, used 175616K [0x00000000e0000000, 0x00000000f1d80000, 0x0000000100000000)
  eden space 175616K, 100% used [0x00000000e0000000,0x00000000eab80000,0x00000000eab80000)
  from space 18432K, 0% used [0x00000000eab80000,0x00000000eab80000,0x00000000ebd80000)
  to   space 18432K, 0% used [0x00000000f0b80000,0x00000000f0b80000,0x00000000f1d80000)
 ParOldGen       total 90112K, used 34948K [0x00000000a0000000, 0x00000000a5800000, 0x00000000e0000000)
  object space 90112K, 38% used [0x00000000a0000000,0x00000000a22210d8,0x00000000a5800000)
 Metaspace       used 61834K, capacity 64172K, committed 64384K, reserved 1103872K
  class space    used 8463K, capacity 8964K, committed 9088K, reserved 1048576K
Event: 23.006 GC heap after
Heap after GC invocations=17 (full 3):
 PSYoungGen      total 247808K, used 18047K [0x00000000e0000000, 0x00000000f1d80000, 0x0000000100000000)
  eden space 229376K, 0% used [0x00000000e0000000,0x00000000e0000000,0x00000000ee000000)
  from space 18432K, 97% used [0x00000000f0b80000,0x00000000f1d1fef8,0x00000000f1d80000)
  to   space 21504K, 0% used [0x00000000ef380000,0x00000000ef380000,0x00000000f0880000)
 ParOldGen       total 90112K, used 34956K [0x00000000a0000000, 0x00000000a5800000, 0x00000000e0000000)
  object space 90112K, 38% used [0x00000000a0000000,0x00000000a22230d8,0x00000000a5800000)
 Metaspace       used 61834K, capacity 64172K, committed 64384K, reserved 1103872K
  class space    used 8463K, capacity 8964K, committed 9088K, reserved 1048576K
}
Event: 28.839 GC heap before
{Heap before GC invocations=18 (full 3):
 PSYoungGen      total 247808K, used 247423K [0x00000000e0000000, 0x00000000f1d80000, 0x0000000100000000)
  eden space 229376K, 100% used [0x00000000e0000000,0x00000000ee000000,0x00000000ee000000)
  from space 18432K, 97% used [0x00000000f0b80000,0x00000000f1d1fef8,0x00000000f1d80000)
  to   space 21504K, 0% used [0x00000000ef380000,0x00000000ef380000,0x00000000f0880000)
 ParOldGen       total 90112K, used 34956K [0x00000000a0000000, 0x00000000a5800000, 0x00000000e0000000)
  object space 90112K, 38% used [0x00000000a0000000,0x00000000a22230d8,0x00000000a5800000)
 Metaspace       used 69900K, capacity 72634K, committed 72960K, reserved 1112064K
  class space    used 9544K, capacity 10135K, committed 10240K, reserved 1048576K
Event: 29.190 GC heap after
Heap after GC invocations=18 (full 3):
 PSYoungGen      total 270848K, used 21481K [0x00000000e0000000, 0x00000000f6400000, 0x0000000100000000)
  eden space 249344K, 0% used [0x00000000e0000000,0x00000000e0000000,0x00000000ef380000)
  from space 21504K, 99% used [0x00000000ef380000,0x00000000f087a598,0x00000000f0880000)
  to   space 32256K, 0% used [0x00000000f4480000,0x00000000f4480000,0x00000000f6400000)
 ParOldGen       total 90112K, used 55545K [0x00000000a0000000, 0x00000000a5800000, 0x00000000e0000000)
  object space 90112K, 61% used [0x00000000a0000000,0x00000000a363e730,0x00000000a5800000)
 Metaspace       used 69900K, capacity 72634K, committed 72960K, reserved 1112064K
  class space    used 9544K, capacity 10135K, committed 10240K, reserved 1048576K
}
Event: 33.897 GC heap before
{Heap before GC invocations=19 (full 3):
 PSYoungGen      total 270848K, used 270825K [0x00000000e0000000, 0x00000000f6400000, 0x0000000100000000)
  eden space 249344K, 100% used [0x00000000e0000000,0x00000000ef380000,0x00000000ef380000)
  from space 21504K, 99% used [0x00000000ef380000,0x00000000f087a598,0x00000000f0880000)
  to   space 32256K, 0% used [0x00000000f4480000,0x00000000f4480000,0x00000000f6400000)
 ParOldGen       total 90112K, used 55545K [0x00000000a0000000, 0x00000000a5800000, 0x00000000e0000000)
  object space 90112K, 61% used [0x00000000a0000000,0x00000000a363e730,0x00000000a5800000)
 Metaspace       used 75714K, capacity 78770K, committed 79104K, reserved 1118208K
  class space    used 10291K, capacity 10913K, committed 11008K, reserved 1048576K
Event: 34.888 GC heap after
Heap after GC invocations=19 (full 3):
 PSYoungGen      total 316928K, used 32234K [0x00000000e0000000, 0x00000000fab80000, 0x0000000100000000)
  eden space 284672K, 0% used [0x00000000e0000000,0x00000000e0000000,0x00000000f1600000)
  from space 32256K, 99% used [0x00000000f4480000,0x00000000f63faa18,0x00000000f6400000)
  to   space 47616K, 0% used [0x00000000f1600000,0x00000000f1600000,0x00000000f4480000)
 ParOldGen       total 90112K, used 82295K [0x00000000a0000000, 0x00000000a5800000, 0x00000000e0000000)
  object space 90112K, 91% used [0x00000000a0000000,0x00000000a505dfe8,0x00000000a5800000)
 Metaspace       used 75714K, capacity 78770K, committed 79104K, reserved 1118208K
  class space    used 10291K, capacity 10913K, committed 11008K, reserved 1048576K
}
Event: 34.897 GC heap before
{Heap before GC invocations=20 (full 4):
 PSYoungGen      total 316928K, used 32234K [0x00000000e0000000, 0x00000000fab80000, 0x0000000100000000)
  eden space 284672K, 0% used [0x00000000e0000000,0x00000000e0000000,0x00000000f1600000)
  from space 32256K, 99% used [0x00000000f4480000,0x00000000f63faa18,0x00000000f6400000)
  to   space 47616K, 0% used [0x00000000f1600000,0x00000000f1600000,0x00000000f4480000)
 ParOldGen       total 90112K, used 82295K [0x00000000a0000000, 0x00000000a5800000, 0x00000000e0000000)
  object space 90112K, 91% used [0x00000000a0000000,0x00000000a505dfe8,0x00000000a5800000)
 Metaspace       used 75714K, capacity 78770K, committed 79104K, reserved 1118208K
  class space    used 10291K, capacity 10913K, committed 11008K, reserved 1048576K
Event: 36.690 GC heap after
Heap after GC invocations=20 (full 4):
 PSYoungGen      total 316928K, used 11521K [0x00000000e0000000, 0x00000000fab80000, 0x0000000100000000)
  eden space 284672K, 0% used [0x00000000e0000000,0x00000000e0000000,0x00000000f1600000)
  from space 32256K, 35% used [0x00000000f4480000,0x00000000f4fc0770,0x00000000f6400000)
  to   space 47616K, 0% used [0x00000000f1600000,0x00000000f1600000,0x00000000f4480000)
 ParOldGen       total 169984K, used 89670K [0x00000000a0000000, 0x00000000aa600000, 0x00000000e0000000)
  object space 169984K, 52% used [0x00000000a0000000,0x00000000a57919b8,0x00000000aa600000)
 Metaspace       used 75476K, capacity 78128K, committed 79104K, reserved 1118208K
  class space    used 10211K, capacity 10772K, committed 11008K, reserved 1048576K
}
Event: 42.130 GC heap before
{Heap before GC invocations=21 (full 4):
 PSYoungGen      total 316928K, used 296193K [0x00000000e0000000, 0x00000000fab80000, 0x0000000100000000)
  eden space 284672K, 100% used [0x00000000e0000000,0x00000000f1600000,0x00000000f1600000)
  from space 32256K, 35% used [0x00000000f4480000,0x00000000f4fc0770,0x00000000f6400000)
  to   space 47616K, 0% used [0x00000000f1600000,0x00000000f1600000,0x00000000f4480000)
 ParOldGen       total 169984K, used 89670K [0x00000000a0000000, 0x00000000aa600000, 0x00000000e0000000)
  object space 169984K, 52% used [0x00000000a0000000,0x00000000a57919b8,0x00000000aa600000)
 Metaspace       used 76069K, capacity 78864K, committed 79616K, reserved 1118208K
  class space    used 10272K, capacity 10866K, committed 11008K, reserved 1048576K
Event: 42.656 GC heap after
Heap after GC invocations=21 (full 4):
 PSYoungGen      total 332288K, used 8032K [0x00000000e0000000, 0x00000000fad80000, 0x0000000100000000)
  eden space 284672K, 0% used [0x00000000e0000000,0x00000000e0000000,0x00000000f1600000)
  from space 47616K, 16% used [0x00000000f1600000,0x00000000f1dd8020,0x00000000f4480000)
  to   space 46080K, 0% used [0x00000000f8080000,0x00000000f8080000,0x00000000fad80000)
 ParOldGen       total 169984K, used 100911K [0x00000000a0000000, 0x00000000aa600000, 0x00000000e0000000)
  object space 169984K, 59% used [0x00000000a0000000,0x00000000a628bc70,0x00000000aa600000)
 Metaspace       used 76069K, capacity 78864K, committed 79616K, reserved 1118208K
  class space    used 10272K, capacity 10866K, committed 11008K, reserved 1048576K
}

Deoptimization events (10 events):
Event: 43.302 Thread 0x000000001f857000 Uncommon trap: reason=class_check action=maybe_recompile pc=0x00000000042c5b10 method=com.android.tools.build.apkzlib.zip.CentralDirectoryHeader.getCompressionInfoWithWait()Lcom/android/tools/build/apkzlib/zip/CentralDirectoryHeaderCompressInfo; @ 4
Event: 43.383 Thread 0x000000001f857000 Uncommon trap: reason=class_check action=maybe_recompile pc=0x00000000042c5b10 method=com.android.tools.build.apkzlib.zip.CentralDirectoryHeader.getCompressionInfoWithWait()Lcom/android/tools/build/apkzlib/zip/CentralDirectoryHeaderCompressInfo; @ 4
Event: 43.444 Thread 0x0000000019a2a800 Uncommon trap: reason=unstable_if action=reinterpret pc=0x0000000004abbd68 method=java.util.HashMap.getNode(ILjava/lang/Object;)Ljava/util/HashMap$Node; @ 84
Event: 43.444 Thread 0x0000000019a2a800 Uncommon trap: reason=unstable_if action=reinterpret pc=0x0000000003243710 method=java.util.HashMap.putVal(ILjava/lang/Object;Ljava/lang/Object;ZZ)Ljava/lang/Object; @ 109
Event: 43.444 Thread 0x0000000019a2a800 Uncommon trap: reason=unstable_if action=reinterpret pc=0x000000000316a5c4 method=java.util.HashMap.getNode(ILjava/lang/Object;)Ljava/util/HashMap$Node; @ 84
Event: 43.444 Thread 0x0000000019a2a800 Uncommon trap: reason=unstable_if action=reinterpret pc=0x00000000030ba5d4 method=java.util.HashMap.getNode(ILjava/lang/Object;)Ljava/util/HashMap$Node; @ 84
Event: 43.444 Thread 0x0000000019a2a800 Uncommon trap: reason=unstable_if action=reinterpret pc=0x00000000030baee4 method=java.util.HashMap.getNode(ILjava/lang/Object;)Ljava/util/HashMap$Node; @ 84
Event: 43.524 Thread 0x000000001f852000 Uncommon trap: reason=unstable_if action=reinterpret pc=0x0000000004bbd10c method=com.android.tools.r8.ir.optimize.I.a(Lcom/android/tools/r8/u/b/d0;)Z @ 164
Event: 43.651 Thread 0x000000001f853000 Uncommon trap: reason=unstable_if action=reinterpret pc=0x0000000004a5f8b8 method=com.android.tools.r8.u.c.o.a(ILcom/android/tools/r8/u/c/M;)I @ 148
Event: 43.882 Thread 0x000000001f853000 Uncommon trap: reason=unstable_if action=reinterpret pc=0x0000000004b30028 method=com.android.tools.r8.v.a.a.a.f.x0$e.contains(Ljava/lang/Object;)Z @ 176

Classes redefined (0 events):
No events

Internal exceptions (10 events):
Event: 26.953 Thread 0x000000001f852000 Exception <a 'java/lang/NoSuchMethodError': java.lang.Object.lambda$static$0(Ljava/lang/String;)Z> (0x00000000ea6d4ae0) thrown at [D:\src\AOSP-openjdk-cygwin\jdk8u\hotspot\src\share\vm\interpreter\linkResolver.cpp, line 620]
Event: 27.118 Thread 0x000000001f857000 Exception <a 'java/lang/NoSuchMethodError': java.lang.Object.newSystemTemporaryDirectory()Lcom/android/tools/build/apkzlib/bytestorage/TemporaryDirectory;> (0x00000000eafd0288) thrown at [D:\src\AOSP-openjdk-cygwin\jdk8u\hotspot\src\share\vm\interpreter\l
Event: 27.297 Thread 0x000000001f852000 Exception <a 'sun/nio/fs/WindowsException'> (0x00000000ebc1bcf0) thrown at [D:\src\AOSP-openjdk-cygwin\jdk8u\hotspot\src\share\vm\prims\jni.cpp, line 710]
Event: 28.468 Thread 0x0000000019a2a800 Exception <a 'sun/nio/fs/WindowsException'> (0x00000000eca99058) thrown at [D:\src\AOSP-openjdk-cygwin\jdk8u\hotspot\src\share\vm\prims\jni.cpp, line 710]
Event: 28.548 Thread 0x000000001f852000 Exception <a 'java/lang/NoSuchMethodError': java.lang.Object.lambda$identity$2(Ljava/lang/Object;)Ljava/lang/Object;> (0x00000000ed019df0) thrown at [D:\src\AOSP-openjdk-cygwin\jdk8u\hotspot\src\share\vm\interpreter\linkResolver.cpp, line 620]
Event: 28.548 Thread 0x0000000019a2a800 Exception <a 'java/lang/NoSuchMethodError': java.lang.Object.lambda$identity$2(Ljava/lang/Object;)Ljava/lang/Object;> (0x00000000ecb14bf8) thrown at [D:\src\AOSP-openjdk-cygwin\jdk8u\hotspot\src\share\vm\interpreter\linkResolver.cpp, line 620]
Event: 30.540 Thread 0x000000001f853000 Exception <a 'sun/nio/fs/WindowsException'> (0x00000000e3f0d480) thrown at [D:\src\AOSP-openjdk-cygwin\jdk8u\hotspot\src\share\vm\prims\jni.cpp, line 710]
Event: 30.883 Thread 0x0000000019a2a800 Exception <a 'java/lang/NoSuchMethodError': java.lang.Object.lambda$maxBy$1(Ljava/util/Comparator;Ljava/lang/Object;Ljava/lang/Object;)Ljava/lang/Object;> (0x00000000e4f9b7c0) thrown at [D:\src\AOSP-openjdk-cygwin\jdk8u\hotspot\src\share\vm\interpreter\li
Event: 30.884 Thread 0x000000001f852000 Exception <a 'java/lang/NoSuchMethodError': java.lang.Object.lambda$maxBy$1(Ljava/util/Comparator;Ljava/lang/Object;Ljava/lang/Object;)Ljava/lang/Object;> (0x00000000e5977698) thrown at [D:\src\AOSP-openjdk-cygwin\jdk8u\hotspot\src\share\vm\interpreter\li
Event: 43.278 Thread 0x000000001f857000 Implicit null exception at 0x00000000044d15b0 to 0x00000000044d15c0

Events (10 events):
Event: 43.926 loading class com/android/tools/r8/s/a/b/j
Event: 43.926 loading class com/android/tools/r8/s/a/b/j done
Event: 43.928 loading class com/android/tools/r8/s/a/b/m/b
Event: 43.928 loading class com/android/tools/r8/s/a/b/m/b done
Event: 43.932 loading class com/android/tools/r8/s/a/b/a
Event: 43.932 loading class com/android/tools/r8/s/a/b/a done
Event: 43.935 Thread 0x000000001f857000 DEOPT PACKING pc=0x00000000042ce8bc sp=0x000000002419d800
Event: 43.935 Thread 0x000000001f857000 DEOPT UNPACKING pc=0x00000000028775d0 sp=0x000000002419d6b8 mode 0
Event: 43.938 loading class com/android/tools/r8/graph/DexValue$q
Event: 43.938 loading class com/android/tools/r8/graph/DexValue$q done


Dynamic libraries:
0x00007ff79dd80000 - 0x00007ff79ddb1000 	C:\Program Files\Android\Android Studio\jre\bin\java.exe
0x00007ff8df1d0000 - 0x00007ff8df3c5000 	C:\WINDOWS\SYSTEM32\ntdll.dll
0x00007ff8dde70000 - 0x00007ff8ddf2d000 	C:\WINDOWS\System32\KERNEL32.DLL
0x00007ff8dcab0000 - 0x00007ff8dcd78000 	C:\WINDOWS\System32\KERNELBASE.dll
0x00007ff8dd940000 - 0x00007ff8dd9ec000 	C:\WINDOWS\System32\ADVAPI32.dll
0x00007ff8de700000 - 0x00007ff8de79e000 	C:\WINDOWS\System32\msvcrt.dll
0x00007ff8dd2f0000 - 0x00007ff8dd38b000 	C:\WINDOWS\System32\sechost.dll
0x00007ff8dec30000 - 0x00007ff8ded5b000 	C:\WINDOWS\System32\RPCRT4.dll
0x00007ff8def10000 - 0x00007ff8df0b0000 	C:\WINDOWS\System32\USER32.dll
0x00007ff8dd040000 - 0x00007ff8dd062000 	C:\WINDOWS\System32\win32u.dll
0x00007ff8dd2c0000 - 0x00007ff8dd2ea000 	C:\WINDOWS\System32\GDI32.dll
0x00007ff8dcf30000 - 0x00007ff8dd03b000 	C:\WINDOWS\System32\gdi32full.dll
0x00007ff8dca10000 - 0x00007ff8dcaad000 	C:\WINDOWS\System32\msvcp_win.dll
0x00007ff8dc910000 - 0x00007ff8dca10000 	C:\WINDOWS\System32\ucrtbase.dll
0x00007ff8ca5c0000 - 0x00007ff8ca85a000 	C:\WINDOWS\WinSxS\amd64_microsoft.windows.common-controls_6595b64144ccf1df_6.0.19041.844_none_ca00b6081b84eb1d\COMCTL32.dll
0x00007ff8dd890000 - 0x00007ff8dd8c0000 	C:\WINDOWS\System32\IMM32.DLL
0x0000000062f60000 - 0x0000000063032000 	C:\Program Files\Android\Android Studio\jre\jre\bin\msvcr100.dll
0x0000000063040000 - 0x0000000063886000 	C:\Program Files\Android\Android Studio\jre\jre\bin\server\jvm.dll
0x00007ff8de680000 - 0x00007ff8de688000 	C:\WINDOWS\System32\PSAPI.DLL
0x00007ff8c49a0000 - 0x00007ff8c49a9000 	C:\WINDOWS\SYSTEM32\WSOCK32.dll
0x00007ff8ca190000 - 0x00007ff8ca1b7000 	C:\WINDOWS\SYSTEM32\WINMM.dll
0x00007ff8d2690000 - 0x00007ff8d269a000 	C:\WINDOWS\SYSTEM32\VERSION.dll
0x00007ff8de690000 - 0x00007ff8de6fb000 	C:\WINDOWS\System32\WS2_32.dll
0x00007ff8d9890000 - 0x00007ff8d989f000 	C:\Program Files\Android\Android Studio\jre\jre\bin\verify.dll
0x00007ff8c60b0000 - 0x00007ff8c60d9000 	C:\Program Files\Android\Android Studio\jre\jre\bin\java.dll
0x00007ff8c37c0000 - 0x00007ff8c37d6000 	C:\Program Files\Android\Android Studio\jre\jre\bin\zip.dll
0x00007ff8ddf30000 - 0x00007ff8de672000 	C:\WINDOWS\System32\SHELL32.dll
0x00007ff8da760000 - 0x00007ff8daef0000 	C:\WINDOWS\SYSTEM32\windows.storage.dll
0x00007ff8de7a0000 - 0x00007ff8deaf5000 	C:\WINDOWS\System32\combase.dll
0x00007ff8dc380000 - 0x00007ff8dc3ac000 	C:\WINDOWS\SYSTEM32\Wldp.dll
0x00007ff8dddc0000 - 0x00007ff8dde6e000 	C:\WINDOWS\System32\SHCORE.dll
0x00007ff8ddd60000 - 0x00007ff8dddb5000 	C:\WINDOWS\System32\shlwapi.dll
0x00007ff8dc850000 - 0x00007ff8dc86f000 	C:\WINDOWS\SYSTEM32\profapi.dll
0x00007ff8b92c0000 - 0x00007ff8b92da000 	C:\Program Files\Android\Android Studio\jre\jre\bin\net.dll
0x00007ff8cb600000 - 0x00007ff8cb7ee000 	C:\WINDOWS\SYSTEM32\urlmon.dll
0x00007ff8cbe50000 - 0x00007ff8cc100000 	C:\WINDOWS\SYSTEM32\iertutil.dll
0x00007ff8dc0f0000 - 0x00007ff8dc15a000 	C:\WINDOWS\system32\mswsock.dll
0x00007ff8b8400000 - 0x00007ff8b8413000 	C:\Program Files\Android\Android Studio\jre\jre\bin\nio.dll
0x00007ff8a7720000 - 0x00007ff8a7746000 	C:\Users\HP\.gradle\native\30\windows-amd64\native-platform.dll
0x00007ff8d7950000 - 0x00007ff8d795d000 	C:\Program Files\Android\Android Studio\jre\jre\bin\management.dll
0x00007ff8dc2c0000 - 0x00007ff8dc2d8000 	C:\WINDOWS\SYSTEM32\CRYPTSP.dll
0x00007ff8dba20000 - 0x00007ff8dba54000 	C:\WINDOWS\system32\rsaenh.dll
0x00007ff8dcf00000 - 0x00007ff8dcf27000 	C:\WINDOWS\System32\bcrypt.dll
0x00007ff8dc7d0000 - 0x00007ff8dc7fe000 	C:\WINDOWS\SYSTEM32\USERENV.dll
0x00007ff8dcdd0000 - 0x00007ff8dce50000 	C:\WINDOWS\System32\bcryptprimitives.dll
0x00007ff8dc2e0000 - 0x00007ff8dc2ec000 	C:\WINDOWS\SYSTEM32\CRYPTBASE.dll
0x00007ff8dbd90000 - 0x00007ff8dbdcb000 	C:\WINDOWS\SYSTEM32\IPHLPAPI.DLL
0x00007ff8dec20000 - 0x00007ff8dec28000 	C:\WINDOWS\System32\NSI.dll
0x00007ff8d9d10000 - 0x00007ff8d9d27000 	C:\WINDOWS\SYSTEM32\dhcpcsvc6.DLL
0x00007ff8d9cf0000 - 0x00007ff8d9d0d000 	C:\WINDOWS\SYSTEM32\dhcpcsvc.DLL
0x00007ff8dbde0000 - 0x00007ff8dbeac000 	C:\WINDOWS\SYSTEM32\DNSAPI.dll

VM Arguments:
jvm_args: -Xmx1536m -Dfile.encoding=windows-1256 -Duser.country=SA -Duser.language=ar -Duser.variant 
java_command: org.gradle.launcher.daemon.bootstrap.GradleDaemon 5.6.4
java_class_path (initial): C:\Users\HP\.gradle\wrapper\dists\gradle-5.6.4-all\ankdp27end7byghfw1q2sw75f\gradle-5.6.4\lib\gradle-launcher-5.6.4.jar
Launcher Type: SUN_STANDARD

Environment Variables:
PATH=C:\oraclexe\app\oracle\product\11.2.0\server\bin;C:\WINDOWS\system32;C:\WINDOWS;C:\WINDOWS\System32\Wbem;C:\WINDOWS\System32\WindowsPowerShell\v1.0\;C:\WINDOWS\System32\OpenSSH\;C:\Program Files\Git\cmd;C:\Program Files\nodejs\;C:\xx\php;C:\ProgramData\ComposerSetup\bin;C:\src\flutter;C:\Users\HP\AppData\Local\Programs\Microsoft VS Code\bin;C:\Users\HP\AppData\Roaming\npm;C:\Users\HP\AppData\Roaming\Composer\vendor\bin;C:\Users\HP\AppData\Local\Microsoft\WindowsApps;
USERNAME=HP
OS=Windows_NT
PROCESSOR_IDENTIFIER=Intel64 Family 6 Model 142 Stepping 9, GenuineIntel



---------------  S Y S T E M  ---------------

OS: Windows 10.0 , 64 bit Build 19041 (10.0.19041.928)

CPU:total 4 (initial active 4) (2 cores per cpu, 2 threads per core) family 6 model 142 stepping 9, cmov, cx8, fxsr, mmx, sse, sse2, sse3, ssse3, sse4.1, sse4.2, popcnt, avx, avx2, aes, clmul, erms, 3dnowpref, lzcnt, ht, tsc, tscinvbit, bmi1, bmi2, adx

Memory: 4k page, physical 4109224k(132900k free), swap 16692136k(6104k free)

vm_info: OpenJDK 64-Bit Server VM (25.212-b04) for windows-amd64 JRE (1.8.0_212-release-1586-b04), built by "builder" with MS VC++ 10.0 (VS2010)

time: Wed Jun 02 01:37:55 2021
timezone:  ÊﬁÌ  ’Ì›Ì ··÷›… «·€—»Ì… Ê€“…
elapsed time: 43 seconds (0d 0h 0m 43s)

