#
# There is insufficient memory for the Java Runtime Environment to continue.
# Native memory allocation (malloc) failed to allocate 1773312 bytes for Chunk::new
# Possible reasons:
#   The system is out of physical RAM or swap space
#   The process is running with CompressedOops enabled, and the Java Heap may be blocking the growth of the native heap
# Possible solutions:
#   Reduce memory load on the system
#   Increase physical memory or swap space
#   Check if swap backing store is full
#   Decrease Java heap size (-Xmx/-Xms)
#   Decrease number of Java threads
#   Decrease Java thread stack sizes (-Xss)
#   Set larger code cache with -XX:ReservedCodeCacheSize=
#   JVM is running with Unscaled Compressed Oops mode in which the Java heap is
#     placed in the first 4GB address space. The Java Heap base address is the
#     maximum limit for the native heap growth. Please use -XX:HeapBaseMinAddress
#     to set the Java Heap base and to place the Java Heap above 4GB virtual address.
# This output file may be truncated or incomplete.
#
#  Out of Memory Error (allocation.cpp:389), pid=10900, tid=0x000000000000176c
#
# JRE version: OpenJDK Runtime Environment (8.0_212-b04) (build 1.8.0_212-release-1586-b04)
# Java VM: OpenJDK 64-Bit Server VM (25.212-b04 mixed mode windows-amd64 compressed oops)
# Failed to write core dump. Minidumps are not enabled by default on client versions of Windows
#

---------------  T H R E A D  ---------------

Current thread (0x0000000016119800):  JavaThread "C2 CompilerThread0" daemon [_thread_in_native, id=5996, stack(0x0000000017770000,0x0000000017870000)]

Stack: [0x0000000017770000,0x0000000017870000]
[error occurred during error reporting (printing stack bounds), id 0xc0000005]

Native frames: (J=compiled Java code, j=interpreted, Vv=VM code, C=native code)


Current CompileTask:
C2: 185296 17123 %     4       com.android.tools.r8.B.a.a.f::a @ 1852 (3659 bytes)


---------------  P R O C E S S  ---------------

Java Threads: ( => current thread )
  0x0000000019162800 JavaThread "WorkerExecutor Queue Thread 6" [_thread_blocked, id=9432, stack(0x0000000029570000,0x0000000029670000)]
  0x0000000023a69000 JavaThread "Cache worker for Java compile cache (C:\Users\HP\Desktop\Fina-Project\.gradle\5.6.4\javaCompile)" [_thread_blocked, id=8852, stack(0x0000000020b30000,0x0000000020c30000)]
  0x0000000023a6f800 JavaThread "Cache worker for Java compile cache (C:\Users\HP\.gradle\caches\5.6.4\javaCompile)" [_thread_blocked, id=3272, stack(0x0000000020a30000,0x0000000020b30000)]
  0x0000000023a67800 JavaThread "RMI TCP Connection(idle)" daemon [_thread_blocked, id=9000, stack(0x0000000029470000,0x0000000029570000)]
  0x0000000023a6b800 JavaThread "RMI Reaper" [_thread_blocked, id=2920, stack(0x0000000029370000,0x0000000029470000)]
  0x0000000023a6e800 JavaThread "RMI TCP Accept-0" daemon [_thread_in_native, id=8700, stack(0x0000000029270000,0x0000000029370000)]
  0x0000000023a6d000 JavaThread "GC Daemon" daemon [_thread_blocked, id=9748, stack(0x0000000029790000,0x0000000029890000)]
  0x0000000023a6c800 JavaThread "RMI Scheduler(0)" daemon [_thread_blocked, id=14268, stack(0x0000000024f60000,0x0000000025060000)]
  0x0000000023a60000 JavaThread "stdout" [_thread_in_native, id=16004, stack(0x0000000025b00000,0x0000000025c00000)]
  0x0000000023a64800 JavaThread "stderr" [_thread_in_native, id=9372, stack(0x0000000025a00000,0x0000000025b00000)]
  0x0000000023a67000 JavaThread "stdout" [_thread_in_native, id=3084, stack(0x0000000025900000,0x0000000025a00000)]
  0x0000000023a65800 JavaThread "stderr" [_thread_in_native, id=11756, stack(0x0000000025800000,0x0000000025900000)]
  0x0000000023a66000 JavaThread "stdout" [_thread_in_native, id=6668, stack(0x0000000025700000,0x0000000025800000)]
  0x0000000023a61000 JavaThread "stderr" [_thread_in_native, id=13884, stack(0x0000000025600000,0x0000000025700000)]
  0x0000000023a61800 JavaThread "stdout" [_thread_in_native, id=14196, stack(0x0000000025360000,0x0000000025460000)]
  0x0000000023a63000 JavaThread "stderr" [_thread_in_native, id=9124, stack(0x0000000025260000,0x0000000025360000)]
  0x0000000023a62800 JavaThread "pool-2-thread-1" [_thread_blocked, id=10596, stack(0x0000000025500000,0x0000000025600000)]
  0x0000000023a64000 JavaThread "WorkerExecutor Queue Thread 4" [_thread_blocked, id=6000, stack(0x0000000025160000,0x0000000025260000)]
  0x0000000019cfc800 JavaThread "WorkerExecutor Queue Thread 3" [_thread_blocked, id=12208, stack(0x0000000025060000,0x0000000025160000)]
  0x0000000019161000 JavaThread "WorkerExecutor Queue" [_thread_blocked, id=8228, stack(0x0000000024e60000,0x0000000024f60000)]
  0x000000001915f800 JavaThread "Cache worker for execution history cache (C:\Users\HP\Desktop\Fina-Project\.gradle\5.6.4\executionHistory)" [_thread_blocked, id=9448, stack(0x0000000024960000,0x0000000024a60000)]
  0x000000001915e000 JavaThread "Execution worker for ':' Thread 3" [_thread_in_native, id=14600, stack(0x0000000022330000,0x0000000022430000)]
  0x0000000019156800 JavaThread "Execution worker for ':' Thread 2" [_thread_in_Java, id=5984, stack(0x000000001b990000,0x000000001ba90000)]
  0x000000001915d800 JavaThread "Execution worker for ':'" [_thread_in_native, id=11660, stack(0x0000000019840000,0x0000000019940000)]
  0x000000001915c800 JavaThread "Cache worker for file content cache (C:\Users\HP\Desktop\Fina-Project\.gradle\5.6.4\fileContent)" [_thread_blocked, id=8788, stack(0x0000000022230000,0x0000000022330000)]
  0x000000001915b000 JavaThread "Cache worker for file content cache (C:\Users\HP\.gradle\caches\5.6.4\fileContent)" [_thread_blocked, id=2844, stack(0x0000000022130000,0x0000000022230000)]
  0x0000000019156000 JavaThread "Memory manager" [_thread_blocked, id=6484, stack(0x0000000022030000,0x0000000022130000)]
  0x0000000019155000 JavaThread "Cache worker for Build Output Cleanup Cache (C:\Users\HP\Desktop\Fina-Project\.gradle\buildOutputCleanup)" [_thread_blocked, id=12364, stack(0x0000000021330000,0x0000000021430000)]
  0x000000001915a800 JavaThread "pool-1-thread-1" [_thread_blocked, id=1848, stack(0x0000000021030000,0x0000000021130000)]
  0x000000001915c000 JavaThread "Build operations Thread 4" [_thread_blocked, id=13076, stack(0x0000000020930000,0x0000000020a30000)]
  0x0000000019158000 JavaThread "Build operations Thread 3" [_thread_blocked, id=6884, stack(0x0000000020830000,0x0000000020930000)]
  0x0000000019154800 JavaThread "Build operations Thread 2" [_thread_blocked, id=3364, stack(0x0000000020730000,0x0000000020830000)]
  0x0000000019159800 JavaThread "Build operations" [_thread_blocked, id=6240, stack(0x0000000020630000,0x0000000020730000)]
  0x0000000019159000 JavaThread "Cache worker for execution history cache (C:\Users\HP\.gradle\caches\5.6.4\executionHistory)" [_thread_blocked, id=10508, stack(0x0000000020330000,0x0000000020430000)]
  0x0000000019cfc000 JavaThread "Cache worker for cache directory md-rule (C:\Users\HP\.gradle\caches\5.6.4\md-rule)" [_thread_blocked, id=6244, stack(0x0000000020230000,0x0000000020330000)]
  0x0000000019cfd800 JavaThread "Cache worker for cache directory md-supplier (C:\Users\HP\.gradle\caches\5.6.4\md-supplier)" [_thread_blocked, id=11392, stack(0x000000001e830000,0x000000001e930000)]
  0x0000000019d02000 JavaThread "Cache worker for file hash cache (C:\Users\HP\Desktop\Fina-Project\.gradle\5.6.4\fileHashes)" [_thread_blocked, id=10532, stack(0x000000001e330000,0x000000001e430000)]
  0x0000000019d01000 JavaThread "Cache worker for journal cache (C:\Users\HP\.gradle\caches\journal-1)" [_thread_blocked, id=2420, stack(0x000000001bf90000,0x000000001c090000)]
  0x0000000019cff000 JavaThread "File lock request listener" [_thread_in_native, id=15328, stack(0x000000001be90000,0x000000001bf90000)]
  0x0000000019c95800 JavaThread "Cache worker for file hash cache (C:\Users\HP\.gradle\caches\5.6.4\fileHashes)" [_thread_in_native, id=9004, stack(0x000000001bd90000,0x000000001be90000)]
  0x0000000019ba0800 JavaThread "Thread-9" [_thread_blocked, id=7800, stack(0x000000001ba90000,0x000000001bb90000)]
  0x0000000019bb3000 JavaThread "Asynchronous log dispatcher for DefaultDaemonConnection: socket connection from /127.0.0.1:51802 to /127.0.0.1:51803" [_thread_blocked, id=4156, stack(0x000000001b890000,0x000000001b990000)]
  0x0000000019b76000 JavaThread "Daemon worker" [_thread_in_native, id=3624, stack(0x000000001b790000,0x000000001b890000)]
  0x0000000019b75000 JavaThread "Cancel handler" [_thread_blocked, id=8448, stack(0x000000001b690000,0x000000001b790000)]
  0x0000000019b0a800 JavaThread "Handler for socket connection from /127.0.0.1:51802 to /127.0.0.1:51803" [_thread_in_native, id=11640, stack(0x000000001b390000,0x000000001b490000)]
  0x0000000019b09800 JavaThread "Daemon" [_thread_blocked, id=11368, stack(0x000000001b290000,0x000000001b390000)]
  0x0000000017da9000 JavaThread "Daemon periodic checks" [_thread_blocked, id=14308, stack(0x000000001b190000,0x000000001b290000)]
  0x00000000180eb000 JavaThread "Incoming local TCP Connector on port 51802" [_thread_in_native, id=9108, stack(0x000000001af50000,0x000000001b050000)]
  0x0000000019a92800 JavaThread "Daemon health stats" [_thread_blocked, id=16136, stack(0x000000001a910000,0x000000001aa10000)]
  0x0000000017ad1800 JavaThread "Service Thread" daemon [_thread_blocked, id=16296, stack(0x0000000017e70000,0x0000000017f70000)]
  0x0000000016164800 JavaThread "C1 CompilerThread2" daemon [_thread_blocked, id=12832, stack(0x0000000017970000,0x0000000017a70000)]
  0x000000001611c800 JavaThread "C2 CompilerThread1" daemon [_thread_in_native, id=4220, stack(0x0000000017870000,0x0000000017970000)]
=>0x0000000016119800 JavaThread "C2 CompilerThread0" daemon [_thread_in_native, id=5996, stack(0x0000000017770000,0x0000000017870000)]
  0x0000000016161000 JavaThread "Attach Listener" daemon [_thread_blocked, id=12976, stack(0x0000000017670000,0x0000000017770000)]
  0x0000000016106800 JavaThread "Signal Dispatcher" daemon [_thread_blocked, id=13400, stack(0x0000000017570000,0x0000000017670000)]
  0x000000000279b000 JavaThread "Finalizer" daemon [_thread_blocked, id=12952, stack(0x0000000017370000,0x0000000017470000)]
  0x00000000160f9000 JavaThread "Reference Handler" daemon [_thread_blocked, id=1156, stack(0x0000000017270000,0x0000000017370000)]
  0x000000000250e000 JavaThread "main" [_thread_blocked, id=13340, stack(0x00000000025a0000,0x00000000026a0000)]

Other Threads:
  0x00000000160d6800 VMThread [stack: 0x0000000017170000,0x0000000017270000] [id=4896]
  0x0000000017ad4800 WatcherThread [stack: 0x0000000017f70000,0x0000000018070000] [id=556]

VM state:not at safepoint (normal execution)

VM Mutex/Monitor currently owned by a thread: None

heap address: 0x00000000a0000000, size: 1536 MB, Compressed Oops mode: 32-bit
Narrow klass base: 0x0000000000000000, Narrow klass shift: 3
Compressed class space size: 1073741824 Address: 0x0000000100000000

Heap:
 PSYoungGen      total 194048K, used 144718K [0x00000000e0000000, 0x00000000ee580000, 0x0000000100000000)
  eden space 163328K, 73% used [0x00000000e0000000,0x00000000e75a7ef8,0x00000000e9f80000)
  from space 30720K, 78% used [0x00000000ec000000,0x00000000ed7abad0,0x00000000ede00000)
  to   space 33280K, 0% used [0x00000000e9f80000,0x00000000e9f80000,0x00000000ec000000)
 ParOldGen       total 108032K, used 83295K [0x00000000a0000000, 0x00000000a6980000, 0x00000000e0000000)
  object space 108032K, 77% used [0x00000000a0000000,0x00000000a5157fb8,0x00000000a6980000)
 Metaspace       used 88664K, capacity 92218K, committed 92416K, reserved 1128448K
  class space    used 11754K, capacity 12464K, committed 12544K, reserved 1048576K

Card table byte_map: [0x0000000011b60000,0x0000000011e70000] byte_map_base: 0x0000000011660000

Marking Bits: (ParMarkBitMap*) 0x0000000063809f30
 Begin Bits: [0x0000000012470000, 0x0000000013c70000)
 End Bits:   [0x0000000013c70000, 0x0000000015470000)

Polling page: 0x00000000024c0000

CodeCache: size=245760Kb used=49597Kb max_used=50328Kb free=196162Kb
 bounds [0x00000000027a0000, 0x0000000005910000, 0x00000000117a0000]
 total_blobs=14960 nmethods=14069 adapters=801
 compilation: enabled

Compilation events (10 events):
Event: 185.182 Thread 0x0000000016164800 17163       2       com.android.tools.r8.graph.V::a (50 bytes)
Event: 185.183 Thread 0x0000000016164800 nmethod 17163 0x0000000003a01bd0 code [0x0000000003a01d60, 0x0000000003a020c8]
Event: 185.183 Thread 0x0000000016164800 17164       2       com.android.tools.r8.s.a.a.b.E$a::getKey (8 bytes)
Event: 185.183 Thread 0x0000000016164800 nmethod 17164 0x000000000508a190 code [0x000000000508a2e0, 0x000000000508a430]
Event: 185.183 Thread 0x0000000016164800 17165       2       com.android.tools.r8.s.a.a.b.E$a::getValue (8 bytes)
Event: 185.183 Thread 0x0000000016164800 nmethod 17165 0x00000000050e1f50 code [0x00000000050e20a0, 0x00000000050e21f0]
Event: 185.217 Thread 0x0000000016164800 17166       1       org.gradle.internal.execution.steps.ResolveInputChangesStep$1::getWork (5 bytes)
Event: 185.217 Thread 0x0000000016164800 nmethod 17166 0x000000000515f690 code [0x000000000515f7e0, 0x000000000515f8f0]
Event: 185.217 Thread 0x0000000016164800 17167       1       org.gradle.internal.execution.steps.ResolveInputChangesStep$1::getInputChanges (5 bytes)
Event: 185.217 Thread 0x0000000016164800 nmethod 17167 0x000000000516e550 code [0x000000000516e6a0, 0x000000000516e7b0]

GC Heap History (10 events):
Event: 181.970 GC heap before
{Heap before GC invocations=52 (full 24):
 PSYoungGen      total 187392K, used 150016K [0x00000000e0000000, 0x00000000eef80000, 0x0000000100000000)
  eden space 150016K, 100% used [0x00000000e0000000,0x00000000e9280000,0x00000000e9280000)
  from space 37376K, 0% used [0x00000000e9280000,0x00000000e9280000,0x00000000eb700000)
  to   space 36352K, 0% used [0x00000000ecc00000,0x00000000ecc00000,0x00000000eef80000)
 ParOldGen       total 108032K, used 82793K [0x00000000a0000000, 0x00000000a6980000, 0x00000000e0000000)
  object space 108032K, 76% used [0x00000000a0000000,0x00000000a50da7d8,0x00000000a6980000)
 Metaspace       used 88601K, capacity 92082K, committed 92416K, reserved 1128448K
  class space    used 11752K, capacity 12464K, committed 12544K, reserved 1048576K
Event: 181.986 GC heap after
Heap after GC invocations=52 (full 24):
 PSYoungGen      total 167936K, used 5116K [0x00000000e0000000, 0x00000000edb00000, 0x0000000100000000)
  eden space 152576K, 0% used [0x00000000e0000000,0x00000000e0000000,0x00000000e9500000)
  from space 15360K, 33% used [0x00000000ecc00000,0x00000000ed0ff3e0,0x00000000edb00000)
  to   space 35840K, 0% used [0x00000000e9500000,0x00000000e9500000,0x00000000eb800000)
 ParOldGen       total 108032K, used 82801K [0x00000000a0000000, 0x00000000a6980000, 0x00000000e0000000)
  object space 108032K, 76% used [0x00000000a0000000,0x00000000a50dc7d8,0x00000000a6980000)
 Metaspace       used 88601K, capacity 92082K, committed 92416K, reserved 1128448K
  class space    used 11752K, capacity 12464K, committed 12544K, reserved 1048576K
}
Event: 182.492 GC heap before
{Heap before GC invocations=53 (full 24):
 PSYoungGen      total 167936K, used 157692K [0x00000000e0000000, 0x00000000edb00000, 0x0000000100000000)
  eden space 152576K, 100% used [0x00000000e0000000,0x00000000e9500000,0x00000000e9500000)
  from space 15360K, 33% used [0x00000000ecc00000,0x00000000ed0ff3e0,0x00000000edb00000)
  to   space 35840K, 0% used [0x00000000e9500000,0x00000000e9500000,0x00000000eb800000)
 ParOldGen       total 108032K, used 82801K [0x00000000a0000000, 0x00000000a6980000, 0x00000000e0000000)
  object space 108032K, 76% used [0x00000000a0000000,0x00000000a50dc7d8,0x00000000a6980000)
 Metaspace       used 88628K, capacity 92146K, committed 92416K, reserved 1128448K
  class space    used 11754K, capacity 12464K, committed 12544K, reserved 1048576K
Event: 182.561 GC heap after
Heap after GC invocations=53 (full 24):
 PSYoungGen      total 188416K, used 7654K [0x00000000e0000000, 0x00000000edd80000, 0x0000000100000000)
  eden space 152576K, 0% used [0x00000000e0000000,0x00000000e0000000,0x00000000e9500000)
  from space 35840K, 21% used [0x00000000e9500000,0x00000000e9c79be8,0x00000000eb800000)
  to   space 34304K, 0% used [0x00000000ebc00000,0x00000000ebc00000,0x00000000edd80000)
 ParOldGen       total 108032K, used 82801K [0x00000000a0000000, 0x00000000a6980000, 0x00000000e0000000)
  object space 108032K, 76% used [0x00000000a0000000,0x00000000a50dc7d8,0x00000000a6980000)
 Metaspace       used 88628K, capacity 92146K, committed 92416K, reserved 1128448K
  class space    used 11754K, capacity 12464K, committed 12544K, reserved 1048576K
}
Event: 183.280 GC heap before
{Heap before GC invocations=54 (full 24):
 PSYoungGen      total 188416K, used 160230K [0x00000000e0000000, 0x00000000edd80000, 0x0000000100000000)
  eden space 152576K, 100% used [0x00000000e0000000,0x00000000e9500000,0x00000000e9500000)
  from space 35840K, 21% used [0x00000000e9500000,0x00000000e9c79be8,0x00000000eb800000)
  to   space 34304K, 0% used [0x00000000ebc00000,0x00000000ebc00000,0x00000000edd80000)
 ParOldGen       total 108032K, used 83254K [0x00000000a0000000, 0x00000000a6980000, 0x00000000e0000000)
  object space 108032K, 77% used [0x00000000a0000000,0x00000000a514da68,0x00000000a6980000)
 Metaspace       used 88635K, capacity 92210K, committed 92416K, reserved 1128448K
  class space    used 11754K, capacity 12464K, committed 12544K, reserved 1048576K
Event: 183.336 GC heap after
Heap after GC invocations=54 (full 24):
 PSYoungGen      total 190464K, used 8976K [0x00000000e0000000, 0x00000000edb00000, 0x0000000100000000)
  eden space 158720K, 0% used [0x00000000e0000000,0x00000000e0000000,0x00000000e9b00000)
  from space 31744K, 28% used [0x00000000ebc00000,0x00000000ec4c4228,0x00000000edb00000)
  to   space 32768K, 0% used [0x00000000e9b00000,0x00000000e9b00000,0x00000000ebb00000)
 ParOldGen       total 108032K, used 83262K [0x00000000a0000000, 0x00000000a6980000, 0x00000000e0000000)
  object space 108032K, 77% used [0x00000000a0000000,0x00000000a514fa68,0x00000000a6980000)
 Metaspace       used 88635K, capacity 92210K, committed 92416K, reserved 1128448K
  class space    used 11754K, capacity 12464K, committed 12544K, reserved 1048576K
}
Event: 184.045 GC heap before
{Heap before GC invocations=55 (full 24):
 PSYoungGen      total 190464K, used 167696K [0x00000000e0000000, 0x00000000edb00000, 0x0000000100000000)
  eden space 158720K, 100% used [0x00000000e0000000,0x00000000e9b00000,0x00000000e9b00000)
  from space 31744K, 28% used [0x00000000ebc00000,0x00000000ec4c4228,0x00000000edb00000)
  to   space 32768K, 0% used [0x00000000e9b00000,0x00000000e9b00000,0x00000000ebb00000)
 ParOldGen       total 108032K, used 83279K [0x00000000a0000000, 0x00000000a6980000, 0x00000000e0000000)
  object space 108032K, 77% used [0x00000000a0000000,0x00000000a5153fb8,0x00000000a6980000)
 Metaspace       used 88645K, capacity 92210K, committed 92416K, reserved 1128448K
  class space    used 11754K, capacity 12464K, committed 12544K, reserved 1048576K
Event: 184.115 GC heap after
Heap after GC invocations=55 (full 24):
 PSYoungGen      total 191488K, used 12320K [0x00000000e0000000, 0x00000000ede00000, 0x0000000100000000)
  eden space 158720K, 0% used [0x00000000e0000000,0x00000000e0000000,0x00000000e9b00000)
  from space 32768K, 37% used [0x00000000e9b00000,0x00000000ea7080f0,0x00000000ebb00000)
  to   space 30720K, 0% used [0x00000000ec000000,0x00000000ec000000,0x00000000ede00000)
 ParOldGen       total 108032K, used 83287K [0x00000000a0000000, 0x00000000a6980000, 0x00000000e0000000)
  object space 108032K, 77% used [0x00000000a0000000,0x00000000a5155fb8,0x00000000a6980000)
 Metaspace       used 88645K, capacity 92210K, committed 92416K, reserved 1128448K
  class space    used 11754K, capacity 12464K, committed 12544K, reserved 1048576K
}
Event: 184.638 GC heap before
{Heap before GC invocations=56 (full 24):
 PSYoungGen      total 191488K, used 171040K [0x00000000e0000000, 0x00000000ede00000, 0x0000000100000000)
  eden space 158720K, 100% used [0x00000000e0000000,0x00000000e9b00000,0x00000000e9b00000)
  from space 32768K, 37% used [0x00000000e9b00000,0x00000000ea7080f0,0x00000000ebb00000)
  to   space 30720K, 0% used [0x00000000ec000000,0x00000000ec000000,0x00000000ede00000)
 ParOldGen       total 108032K, used 83287K [0x00000000a0000000, 0x00000000a6980000, 0x00000000e0000000)
  object space 108032K, 77% used [0x00000000a0000000,0x00000000a5155fb8,0x00000000a6980000)
 Metaspace       used 88654K, capacity 92210K, committed 92416K, reserved 1128448K
  class space    used 11754K, capacity 12464K, committed 12544K, reserved 1048576K
Event: 184.738 GC heap after
Heap after GC invocations=56 (full 24):
 PSYoungGen      total 194048K, used 24238K [0x00000000e0000000, 0x00000000ee580000, 0x0000000100000000)
  eden space 163328K, 0% used [0x00000000e0000000,0x00000000e0000000,0x00000000e9f80000)
  from space 30720K, 78% used [0x00000000ec000000,0x00000000ed7abad0,0x00000000ede00000)
  to   space 33280K, 0% used [0x00000000e9f80000,0x00000000e9f80000,0x00000000ec000000)
 ParOldGen       total 108032K, used 83295K [0x00000000a0000000, 0x00000000a6980000, 0x00000000e0000000)
  object space 108032K, 77% used [0x00000000a0000000,0x00000000a5157fb8,0x00000000a6980000)
 Metaspace       used 88654K, capacity 92210K, committed 92416K, reserved 1128448K
  class space    used 11754K, capacity 12464K, committed 12544K, reserved 1048576K
}

Deoptimization events (10 events):
Event: 181.884 Thread 0x0000000019156800 Uncommon trap: reason=bimorphic action=maybe_recompile pc=0x000000000467fc74 method=java.io.BufferedOutputStream.write([BII)V @ 20
Event: 182.059 Thread 0x0000000019b76000 Uncommon trap: reason=unstable_if action=reinterpret pc=0x0000000004a8aa9c method=com.android.tools.r8.u.d.N.a(Lcom/android/tools/r8/graph/Y;Lcom/android/tools/r8/u/b/T;)V @ 55
Event: 182.287 Thread 0x0000000019156800 Uncommon trap: reason=bimorphic action=maybe_recompile pc=0x00000000057508a4 method=com.android.tools.r8.v.a.a.a.f.x0.putAll(Ljava/util/Map;)V @ 47
Event: 182.287 Thread 0x0000000019156800 Uncommon trap: reason=bimorphic action=maybe_recompile pc=0x00000000047d457c method=com.android.tools.r8.v.a.a.a.f.i.putAll(Ljava/util/Map;)V @ 3
Event: 182.384 Thread 0x0000000019156800 Uncommon trap: reason=unstable_if action=reinterpret pc=0x0000000004cf20b0 method=com.android.tools.r8.ir.optimize.h.a(Lcom/android/tools/r8/u/b/d0;ZLcom/android/tools/r8/u/b/d0;)Z @ 24
Event: 182.690 Thread 0x0000000019156800 Uncommon trap: reason=unstable_if action=reinterpret pc=0x0000000003c9202c method=java.util.concurrent.ConcurrentLinkedQueue.offer(Ljava/lang/Object;)Z @ 91
Event: 183.237 Thread 0x0000000019b76000 Uncommon trap: reason=unstable_if action=reinterpret pc=0x0000000005373b54 method=com.android.tools.r8.u.b.g1.a(Lcom/android/tools/r8/graph/e;Lcom/android/tools/r8/u/b/T;Ljava/util/function/Predicate;Ljava/util/Set;)Z @ 144
Event: 183.981 Thread 0x000000001915e000 Uncommon trap: reason=unstable_if action=reinterpret pc=0x00000000058e68d0 method=com.android.tools.r8.ir.optimize.I.a(Lcom/android/tools/r8/u/b/d0;)Z @ 171
Event: 184.192 Thread 0x0000000019b76000 Uncommon trap: reason=null_check action=make_not_entrant pc=0x00000000049bb7c0 method=com.android.tools.r8.graph.d0.computeEquals(Ljava/lang/Object;)Z @ 1
Event: 184.516 Thread 0x0000000019156800 Uncommon trap: reason=unstable_if action=reinterpret pc=0x00000000049dd2b0 method=com.android.tools.r8.B.a.a.B.a()Ljava/lang/String; @ 8

Classes redefined (0 events):
No events

Internal exceptions (10 events):
Event: 184.191 Thread 0x0000000019b76000 Implicit null exception at 0x00000000049bb64f to 0x00000000049bb7b1
Event: 184.213 Thread 0x0000000019b76000 Exception <a 'sun/nio/fs/WindowsException'> (0x00000000e1d8e5b8) thrown at [D:\src\AOSP-openjdk-cygwin\jdk8u\hotspot\src\share\vm\prims\jni.cpp, line 710]
Event: 184.433 Thread 0x0000000019156800 Exception <a 'sun/nio/fs/WindowsException'> (0x00000000e5180868) thrown at [D:\src\AOSP-openjdk-cygwin\jdk8u\hotspot\src\share\vm\prims\jni.cpp, line 710]
Event: 184.456 Thread 0x0000000019b76000 Exception <a 'sun/nio/fs/WindowsException'> (0x00000000e1dad938) thrown at [D:\src\AOSP-openjdk-cygwin\jdk8u\hotspot\src\share\vm\prims\jni.cpp, line 710]
Event: 184.481 Thread 0x000000001915d800 Exception <a 'sun/nio/fs/WindowsException'> (0x00000000e5dcaaf0) thrown at [D:\src\AOSP-openjdk-cygwin\jdk8u\hotspot\src\share\vm\prims\jni.cpp, line 710]
Event: 185.010 Thread 0x000000001915d800 Exception <a 'sun/nio/fs/WindowsException'> (0x00000000e001bf18) thrown at [D:\src\AOSP-openjdk-cygwin\jdk8u\hotspot\src\share\vm\prims\jni.cpp, line 710]
Event: 185.095 Thread 0x000000001915e000 Exception <a 'sun/nio/fs/WindowsException'> (0x00000000e4f8e2b0) thrown at [D:\src\AOSP-openjdk-cygwin\jdk8u\hotspot\src\share\vm\prims\jni.cpp, line 710]
Event: 185.181 Thread 0x000000001915d800 Exception <a 'sun/nio/fs/WindowsException'> (0x00000000e0079640) thrown at [D:\src\AOSP-openjdk-cygwin\jdk8u\hotspot\src\share\vm\prims\jni.cpp, line 710]
Event: 185.222 Thread 0x000000001915e000 Exception <a 'sun/nio/fs/WindowsException'> (0x00000000e4fad098) thrown at [D:\src\AOSP-openjdk-cygwin\jdk8u\hotspot\src\share\vm\prims\jni.cpp, line 710]
Event: 185.240 Thread 0x000000001915d800 Exception <a 'sun/nio/fs/WindowsException'> (0x00000000e6864248) thrown at [D:\src\AOSP-openjdk-cygwin\jdk8u\hotspot\src\share\vm\prims\jni.cpp, line 710]

Events (10 events):
Event: 185.140 Thread 0x0000000019156800 DEOPT PACKING pc=0x00000000058f74d5 sp=0x000000001ba8a650
Event: 185.140 Thread 0x0000000019156800 DEOPT UNPACKING pc=0x00000000027e75d0 sp=0x000000001ba8a498 mode 0
Event: 185.183 Thread 0x000000001915d800 DEOPT PACKING pc=0x0000000005124c9b sp=0x000000001993a780
Event: 185.183 Thread 0x000000001915d800 DEOPT UNPACKING pc=0x00000000027e75d0 sp=0x000000001993a850 mode 0
Event: 185.207 Thread 0x000000001915d800 DEOPT PACKING pc=0x00000000058f77de sp=0x000000001993aa10
Event: 185.207 Thread 0x000000001915d800 DEOPT UNPACKING pc=0x00000000027e75d0 sp=0x000000001993a860 mode 0
Event: 185.251 Thread 0x0000000019156800 DEOPT PACKING pc=0x00000000058f74f1 sp=0x000000001ba8a650
Event: 185.251 Thread 0x0000000019156800 DEOPT UNPACKING pc=0x00000000027e75d0 sp=0x000000001ba8a498 mode 0
Event: 185.270 Thread 0x0000000019156800 DEOPT PACKING pc=0x0000000005840049 sp=0x000000001ba89fb0
Event: 185.270 Thread 0x0000000019156800 DEOPT UNPACKING pc=0x00000000027e75d0 sp=0x000000001ba89f98 mode 0


Dynamic libraries:
0x00007ff6d6eb0000 - 0x00007ff6d6ee1000 	C:\Program Files\Android\Android Studio\jre\bin\java.exe
0x00007ff8df1d0000 - 0x00007ff8df3c5000 	C:\WINDOWS\SYSTEM32\ntdll.dll
0x00007ff8dde70000 - 0x00007ff8ddf2d000 	C:\WINDOWS\System32\KERNEL32.DLL
0x00007ff8dcab0000 - 0x00007ff8dcd78000 	C:\WINDOWS\System32\KERNELBASE.dll
0x00007ff8dd940000 - 0x00007ff8dd9ec000 	C:\WINDOWS\System32\ADVAPI32.dll
0x00007ff8de700000 - 0x00007ff8de79e000 	C:\WINDOWS\System32\msvcrt.dll
0x00007ff8dd2f0000 - 0x00007ff8dd38b000 	C:\WINDOWS\System32\sechost.dll
0x00007ff8dec30000 - 0x00007ff8ded5b000 	C:\WINDOWS\System32\RPCRT4.dll
0x00007ff8def10000 - 0x00007ff8df0b0000 	C:\WINDOWS\System32\USER32.dll
0x00007ff8dd040000 - 0x00007ff8dd062000 	C:\WINDOWS\System32\win32u.dll
0x00007ff8dd2c0000 - 0x00007ff8dd2ea000 	C:\WINDOWS\System32\GDI32.dll
0x00007ff8dcf30000 - 0x00007ff8dd03b000 	C:\WINDOWS\System32\gdi32full.dll
0x00007ff8dca10000 - 0x00007ff8dcaad000 	C:\WINDOWS\System32\msvcp_win.dll
0x00007ff8dc910000 - 0x00007ff8dca10000 	C:\WINDOWS\System32\ucrtbase.dll
0x00007ff8ca5c0000 - 0x00007ff8ca85a000 	C:\WINDOWS\WinSxS\amd64_microsoft.windows.common-controls_6595b64144ccf1df_6.0.19041.844_none_ca00b6081b84eb1d\COMCTL32.dll
0x00007ff8dd890000 - 0x00007ff8dd8c0000 	C:\WINDOWS\System32\IMM32.DLL
0x0000000062f60000 - 0x0000000063032000 	C:\Program Files\Android\Android Studio\jre\jre\bin\msvcr100.dll
0x0000000063040000 - 0x0000000063886000 	C:\Program Files\Android\Android Studio\jre\jre\bin\server\jvm.dll
0x00007ff8de680000 - 0x00007ff8de688000 	C:\WINDOWS\System32\PSAPI.DLL
0x00007ff8c49a0000 - 0x00007ff8c49a9000 	C:\WINDOWS\SYSTEM32\WSOCK32.dll
0x00007ff8de690000 - 0x00007ff8de6fb000 	C:\WINDOWS\System32\WS2_32.dll
0x00007ff8ca190000 - 0x00007ff8ca1b7000 	C:\WINDOWS\SYSTEM32\WINMM.dll
0x00007ff8d2690000 - 0x00007ff8d269a000 	C:\WINDOWS\SYSTEM32\VERSION.dll
0x00007ff8d9890000 - 0x00007ff8d989f000 	C:\Program Files\Android\Android Studio\jre\jre\bin\verify.dll
0x00007ff8c60b0000 - 0x00007ff8c60d9000 	C:\Program Files\Android\Android Studio\jre\jre\bin\java.dll
0x00007ff8c37c0000 - 0x00007ff8c37d6000 	C:\Program Files\Android\Android Studio\jre\jre\bin\zip.dll
0x00007ff8ddf30000 - 0x00007ff8de672000 	C:\WINDOWS\System32\SHELL32.dll
0x00007ff8da760000 - 0x00007ff8daef0000 	C:\WINDOWS\SYSTEM32\windows.storage.dll
0x00007ff8de7a0000 - 0x00007ff8deaf5000 	C:\WINDOWS\System32\combase.dll
0x00007ff8dc380000 - 0x00007ff8dc3ac000 	C:\WINDOWS\SYSTEM32\Wldp.dll
0x00007ff8dddc0000 - 0x00007ff8dde6e000 	C:\WINDOWS\System32\SHCORE.dll
0x00007ff8ddd60000 - 0x00007ff8dddb5000 	C:\WINDOWS\System32\shlwapi.dll
0x00007ff8dc850000 - 0x00007ff8dc86f000 	C:\WINDOWS\SYSTEM32\profapi.dll
0x00007ff8b92c0000 - 0x00007ff8b92da000 	C:\Program Files\Android\Android Studio\jre\jre\bin\net.dll
0x00007ff8cb600000 - 0x00007ff8cb7ee000 	C:\WINDOWS\SYSTEM32\urlmon.dll
0x00007ff8cbe50000 - 0x00007ff8cc100000 	C:\WINDOWS\SYSTEM32\iertutil.dll
0x00007ff8dc0f0000 - 0x00007ff8dc15a000 	C:\WINDOWS\system32\mswsock.dll
0x00007ff8b8400000 - 0x00007ff8b8413000 	C:\Program Files\Android\Android Studio\jre\jre\bin\nio.dll
0x00007ff8a7720000 - 0x00007ff8a7746000 	C:\Users\HP\.gradle\native\30\windows-amd64\native-platform.dll
0x00007ff8d7950000 - 0x00007ff8d795d000 	C:\Program Files\Android\Android Studio\jre\jre\bin\management.dll
0x00007ff8dc2c0000 - 0x00007ff8dc2d8000 	C:\WINDOWS\SYSTEM32\CRYPTSP.dll
0x00007ff8dba20000 - 0x00007ff8dba54000 	C:\WINDOWS\system32\rsaenh.dll
0x00007ff8dcf00000 - 0x00007ff8dcf27000 	C:\WINDOWS\System32\bcrypt.dll
0x00007ff8dc7d0000 - 0x00007ff8dc7fe000 	C:\WINDOWS\SYSTEM32\USERENV.dll
0x00007ff8dcdd0000 - 0x00007ff8dce50000 	C:\WINDOWS\System32\bcryptprimitives.dll
0x00007ff8dc2e0000 - 0x00007ff8dc2ec000 	C:\WINDOWS\SYSTEM32\CRYPTBASE.dll
0x00007ff8dbd90000 - 0x00007ff8dbdcb000 	C:\WINDOWS\SYSTEM32\IPHLPAPI.DLL
0x00007ff8dec20000 - 0x00007ff8dec28000 	C:\WINDOWS\System32\NSI.dll
0x00007ff8d9d10000 - 0x00007ff8d9d27000 	C:\WINDOWS\SYSTEM32\dhcpcsvc6.DLL
0x00007ff8d9cf0000 - 0x00007ff8d9d0d000 	C:\WINDOWS\SYSTEM32\dhcpcsvc.DLL
0x00007ff8dbde0000 - 0x00007ff8dbeac000 	C:\WINDOWS\SYSTEM32\DNSAPI.dll
0x00007ff8db650000 - 0x00007ff8db683000 	C:\WINDOWS\SYSTEM32\ntmarta.dll

VM Arguments:
jvm_args: -Xmx1536m -Dfile.encoding=windows-1256 -Duser.country=SA -Duser.language=ar -Duser.variant 
java_command: org.gradle.launcher.daemon.bootstrap.GradleDaemon 5.6.4
java_class_path (initial): C:\Users\HP\.gradle\wrapper\dists\gradle-5.6.4-all\ankdp27end7byghfw1q2sw75f\gradle-5.6.4\lib\gradle-launcher-5.6.4.jar
Launcher Type: SUN_STANDARD

Environment Variables:
PATH=C:\oraclexe\app\oracle\product\11.2.0\server\bin;C:\WINDOWS\system32;C:\WINDOWS;C:\WINDOWS\System32\Wbem;C:\WINDOWS\System32\WindowsPowerShell\v1.0\;C:\WINDOWS\System32\OpenSSH\;C:\Program Files\Git\cmd;C:\Program Files\nodejs\;C:\xx\php;C:\ProgramData\ComposerSetup\bin;C:\src\flutter;C:\Users\HP\AppData\Local\Programs\Microsoft VS Code\bin;C:\Users\HP\AppData\Roaming\npm;C:\Users\HP\AppData\Roaming\Composer\vendor\bin;C:\Users\HP\AppData\Local\Microsoft\WindowsApps;
USERNAME=HP
OS=Windows_NT
PROCESSOR_IDENTIFIER=Intel64 Family 6 Model 142 Stepping 9, GenuineIntel



---------------  S Y S T E M  ---------------

OS: Windows 10.0 , 64 bit Build 19041 (10.0.19041.928)

CPU:total 4 (initial active 4) (2 cores per cpu, 2 threads per core) family 6 model 142 stepping 9, cmov, cx8, fxsr, mmx, sse, sse2, sse3, ssse3, sse4.1, sse4.2, popcnt, avx, avx2, aes, clmul, erms, 3dnowpref, lzcnt, ht, tsc, tscinvbit, bmi1, bmi2, adx

Memory: 4k page, physical 4109224k(189316k free), swap 16692136k(3896k free)

vm_info: OpenJDK 64-Bit Server VM (25.212-b04) for windows-amd64 JRE (1.8.0_212-release-1586-b04), built by "builder" with MS VC++ 10.0 (VS2010)

time: Wed Jun 02 02:03:10 2021
timezone:  ÊﬁÌ  ’Ì›Ì ··÷›… «·€—»Ì… Ê€“…
elapsed time: 185 seconds (0d 0h 3m 5s)

